<?xml version="1.0" encoding="UTF-8"?>
<!-- Generated by org.testng.reporters.JUnitXMLReporter -->
<testsuite ignored="0" hostname="DESKTOP-5TF3B1C" failures="0" tests="4" name="Assign Leave Module Tests" time="196.601" errors="0" timestamp="2026-09-12T19:34:05 IST">
  <testcase classname="tests.AssignLeaveTest" name="testNavigationToAssignLeave" time="0.009"/>
  <testcase classname="tests.AssignLeaveTest" name="testMandatoryFieldsValidation" time="10.162"/>
  <testcase classname="tests.AssignLeaveTest" name="testLeaveBalanceDisplay" time="41.92"/>
  <testcase classname="tests.AssignLeaveTest" name="testAssignLeaveSuccess" time="75.579"/>
</testsuite> <!-- Assign Leave Module Tests -->
