<?xml version="1.0" encoding="UTF-8"?>
<!-- Generated by org.testng.reporters.JUnitXMLReporter -->
<testsuite ignored="0" hostname="DESKTOP-5TF3B1C" failures="1" tests="11" name="Dashboard Module Tests" time="37.514" errors="0" timestamp="2026-09-12T19:34:43 IST">
  <testcase classname="tests.DashboardTest" name="testClockInOut" time="13.133">
    <failure type="org.openqa.selenium.TimeoutException" message="Expected condition failed: waiting for element found by By.cssSelector: .orangehrm-attendance-card-action to be clickable, but the element was not found: org.openqa.selenium.NoSuchElementException: no such element: Unable to locate element: {&amp;quot;method&amp;quot;:&amp;quot;css selector&amp;quot;,&amp;quot;selector&amp;quot;:&amp;quot;.orangehrm-attendance-card-action&amp;quot;}.
(tried for 10 seconds with 500 milliseconds interval)
Build info: version: &amp;apos;4.45.0&amp;apos;, revision: &amp;apos;cd6a3cd cd6a3cdfca6970f62e5bc8344109d0fe0e2af05e&amp;apos;
System info: os.name: &amp;apos;Windows 11&amp;apos;, os.arch: &amp;apos;amd64&amp;apos;, os.version: &amp;apos;10.0&amp;apos;, java.version: &amp;apos;21.0.10&amp;apos;
Driver info: org.openqa.selenium.chrome.ChromeDriver
Capabilities {acceptInsecureCerts: false, browserName: chrome, browserVersion: 152.0.7977.82, chrome: {chromedriverVersion: 152.0.7977.82 (d04cdb24d67b..., userDataDir: C:\Users\LENOVO\AppData\Loc...}, fedcm:accounts: true, goog:chromeOptions: {debuggerAddress: localhost:60581}, goog:processID: 22256, networkConnectionEnabled: false, pageLoadStrategy: normal, platformName: windows, proxy: Proxy(), se:cdp: ws://localhost:60581/devtoo..., se:cdpVersion: 152.0.7977.82, setWindowRect: true, strictFileInteractability: false, timeouts: {implicit: 0, pageLoad: 300000, script: 30000}, unhandledPromptBehavior: dismiss and notify, webauthn:extension:credBlob: true, webauthn:extension:largeBlob: true, webauthn:extension:minPinLength: true, webauthn:extension:prf: true, webauthn:virtualAuthenticators: true}
Session ID: bd04cfab5fba616ed596ce4b46392e62">
      <![CDATA[org.openqa.selenium.TimeoutException: Expected condition failed: waiting for element found by By.cssSelector: .orangehrm-attendance-card-action to be clickable, but the element was not found: org.openqa.selenium.NoSuchElementException: no such element: Unable to locate element: {"method":"css selector","selector":".orangehrm-attendance-card-action"}.
(tried for 10 seconds with 500 milliseconds interval)
Build info: version: '4.45.0', revision: 'cd6a3cd cd6a3cdfca6970f62e5bc8344109d0fe0e2af05e'
System info: os.name: 'Windows 11', os.arch: 'amd64', os.version: '10.0', java.version: '21.0.10'
Driver info: org.openqa.selenium.chrome.ChromeDriver
Capabilities {acceptInsecureCerts: false, browserName: chrome, browserVersion: 152.0.7977.82, chrome: {chromedriverVersion: 152.0.7977.82 (d04cdb24d67b..., userDataDir: C:\Users\LENOVO\AppData\Loc...}, fedcm:accounts: true, goog:chromeOptions: {debuggerAddress: localhost:60581}, goog:processID: 22256, networkConnectionEnabled: false, pageLoadStrategy: normal, platformName: windows, proxy: Proxy(), se:cdp: ws://localhost:60581/devtoo..., se:cdpVersion: 152.0.7977.82, setWindowRect: true, strictFileInteractability: false, timeouts: {implicit: 0, pageLoad: 300000, script: 30000}, unhandledPromptBehavior: dismiss and notify, webauthn:extension:credBlob: true, webauthn:extension:largeBlob: true, webauthn:extension:minPinLength: true, webauthn:extension:prf: true, webauthn:virtualAuthenticators: true}
Session ID: bd04cfab5fba616ed596ce4b46392e62
at org.openqa.selenium.support.ui.WebDriverWait.timeoutException(WebDriverWait.java:85)
at org.openqa.selenium.support.ui.FluentWait.until(FluentWait.java:234)
at pages.DashboardPage.clickPunchClock(DashboardPage.java:84)
at tests.DashboardTest.testClockInOut(DashboardTest.java:22)
at java.base/java.util.ArrayList.forEach(ArrayList.java:1596)
... Removed 25 stack frames]]>
    </failure>
  </testcase> <!-- testClockInOut -->
  <testcase classname="tests.DashboardTest" name="testDashboardHeaderIsDisplayed" time="0.035"/>
  <testcase classname="tests.DashboardTest" name="testDashboardWidgetsVisibility" time="0.066"/>
  <testcase classname="tests.DashboardTest" name="testUserProfileDisplay" time="0.1"/>
  <testcase classname="tests.DashboardTest" name="testClickSupport" time="1.108"/>
  <testcase classname="tests.DashboardTest" name="testClickChangePassword" time="3.959"/>
  <testcase classname="tests.DashboardTest" name="testHelpButtonRedirection" time="2.42"/>
  <testcase classname="tests.DashboardTest" name="testMyActionsNavigation" time="0.578"/>
  <testcase classname="tests.DashboardTest" name="testQuickLaunchNavigation" time="0.683"/>
  <testcase classname="tests.DashboardTest" name="testWidgetConfigurationSettings" time="0.267"/>
  <testcase classname="tests.DashboardTest" name="testClickLogout" time="0.937"/>
</testsuite> <!-- Dashboard Module Tests -->
