<?xml version="1.0" encoding="UTF-8"?>
<!-- Generated by org.testng.reporters.JUnitXMLReporter -->
<testsuite ignored="0" hostname="DESKTOP-5TF3B1C" failures="1" tests="9" name="Directory Module Tests" time="181.968" errors="0" timestamp="2026-09-12T19:47:03 IST">
  <testcase classname="tests.DirectoryTest" name="testNavigateToDirectory" time="0.01"/>
  <testcase classname="tests.DirectoryTest" name="testRecordCountMatchesCards" time="42.226">
    <failure type="java.lang.AssertionError" message="Cards were displayed even though &amp;apos;No Records Found&amp;apos; / 0 records were reported. expected [0] but found [1]">
      <![CDATA[java.lang.AssertionError: Cards were displayed even though 'No Records Found' / 0 records were reported. expected [0] but found [1]
at tests.DirectoryTest.testRecordCountMatchesCards(DirectoryTest.java:43)
at java.base/java.util.ArrayList.forEach(ArrayList.java:1596)
... Removed 31 stack frames]]>
    </failure>
  </testcase> <!-- testRecordCountMatchesCards -->
  <testcase classname="tests.DirectoryTest" name="testSearchByEmployeeName" time="21.217"/>
  <testcase classname="tests.DirectoryTest" name="testSearchByJobTitle" time="21.922"/>
  <testcase classname="tests.DirectoryTest" name="testSearchByLocation" time="21.993"/>
  <testcase classname="tests.DirectoryTest" name="testCombinedFilterSearch" time="22.205"/>
  <testcase classname="tests.DirectoryTest" name="testResetFilters" time="21.873"/>
  <testcase classname="tests.DirectoryTest" name="testNoRecordsFoundForInvalidSearch" time="11.82"/>
  <testcase classname="tests.DirectoryTest" name="testToggleSearchPanel" time="0.0">
    <skipped/>
  </testcase> <!-- testToggleSearchPanel -->
</testsuite> <!-- Directory Module Tests -->
