<?xml version="1.0" encoding="UTF-8"?>
<!-- Generated by org.testng.reporters.JUnitXMLReporter -->
<testsuite ignored="0" hostname="DESKTOP-5TF3B1C" failures="0" tests="12" name="Employee Module Tests" time="178.16" errors="0" timestamp="2026-09-12T19:25:55 IST">
  <testcase classname="tests.EmployeeTest" name="testRecordsFoundMatchesTableRows" time="11.333"/>
  <testcase classname="tests.EmployeeTest" name="testMandatoryFieldsValidation" time="14.82"/>
  <testcase classname="tests.EmployeeTest" name="testAddEmployeeSuccessfully" time="4.178"/>
  <testcase classname="tests.EmployeeTest" name="testCancelAddEmployee" time="3.013"/>
  <testcase classname="tests.EmployeeTest" name="testResetSearchFilters" time="1.411"/>
  <testcase classname="tests.EmployeeTest" name="testNoRecordsFound" time="1.602"/>
  <testcase classname="tests.EmployeeTest" name="testEditEmployeeNavigation" time="14.543"/>
  <testcase classname="tests.EmployeeTest" name="testToggleCreateLoginDetails" time="2.61"/>
  <testcase classname="tests.EmployeeTest" name="testAddEmployeeWithLoginDetails" time="5.764"/>
  <testcase classname="tests.EmployeeTest" name="testUpdateNationalityAndMaritalStatus" time="26.203"/>
  <testcase classname="tests.EmployeeTest" name="testUpdateGender" time="28.155"/>
  <testcase classname="tests.EmployeeTest" name="testUploadAttachment" time="36.099"/>
</testsuite> <!-- Employee Module Tests -->
