<?xml version="1.0" encoding="UTF-8"?>
<!-- Generated by org.testng.reporters.JUnitXMLReporter -->
<testsuite ignored="0" hostname="DESKTOP-5TF3B1C" failures="1" tests="8" name="LeaveList Module Tests" time="212.893" errors="0" timestamp="2026-09-12T19:30:49 IST">
  <testcase classname="tests.LeaveListTest" name="testDefaultSearch" time="20.806"/>
  <testcase classname="tests.LeaveListTest" name="testResetSearchFilters" time="61.177"/>
  <testcase classname="tests.LeaveListTest" name="testFilterBySubUnit" time="51.66">
    <failure type="java.lang.AssertionError" message="Search grid failed to update after filtering by Sub Unit. expected [true] but found [false]">
      <![CDATA[java.lang.AssertionError: Search grid failed to update after filtering by Sub Unit. expected [true] but found [false]
at tests.LeaveListTest.testFilterBySubUnit(LeaveListTest.java:51)
at java.base/java.util.ArrayList.forEach(ArrayList.java:1596)
... Removed 28 stack frames]]>
    </failure>
  </testcase> <!-- testFilterBySubUnit -->
  <testcase classname="tests.LeaveListTest" name="testToggleIncludePastEmployees" time="0.0">
    <skipped/>
  </testcase> <!-- testToggleIncludePastEmployees -->
  <testcase classname="tests.LeaveListTest" name="testAddCommentToLeave" time="0.0">
    <skipped/>
  </testcase> <!-- testAddCommentToLeave -->
  <testcase classname="tests.LeaveListTest" name="testViewLeaveDetailsNavigation" time="0.0">
    <skipped/>
  </testcase> <!-- testViewLeaveDetailsNavigation -->
  <testcase classname="tests.LeaveListTest" name="testViewPimInfoNavigation" time="0.0">
    <skipped/>
  </testcase> <!-- testViewPimInfoNavigation -->
  <testcase classname="tests.LeaveListTest" name="testCancelLeaveRecord" time="0.0">
    <skipped/>
  </testcase> <!-- testCancelLeaveRecord -->
</testsuite> <!-- LeaveList Module Tests -->
