<?xml version="1.0" encoding="UTF-8"?>
<!-- Generated by org.testng.reporters.JUnitXMLReporter -->
<testsuite ignored="0" hostname="DESKTOP-5TF3B1C" failures="21" tests="110" name="OrangeHRM Full Regression" time="2405.741" errors="0" timestamp="2026-09-13T18:44:13 IST">
  <testcase classname="tests.LoginTest" name="testForgotPasswordLink" time="0.955"/>
  <testcase classname="tests.LoginTest" name="testLogin" time="2.1"/>
  <testcase classname="tests.LoginTest" name="testLogin" time="1.584"/>
  <testcase classname="tests.LoginTest" name="testLogin" time="0.568"/>
  <testcase classname="tests.LoginTest" name="testLogin" time="0.985"/>
  <testcase classname="tests.LoginTest" name="testLogin" time="1.708"/>
  <testcase classname="tests.DashboardTest" name="testClockInOut" time="2.79"/>
  <testcase classname="tests.DashboardTest" name="testDashboardHeaderIsDisplayed" time="0.017"/>
  <testcase classname="tests.DashboardTest" name="testDashboardWidgetsVisibility" time="0.066"/>
  <testcase classname="tests.DashboardTest" name="testUserProfileDisplay" time="0.084"/>
  <testcase classname="tests.DashboardTest" name="testClickSupport" time="0.552"/>
  <testcase classname="tests.DashboardTest" name="testClickChangePassword" time="0.572"/>
  <testcase classname="tests.DashboardTest" name="testHelpButtonRedirection" time="1.72"/>
  <testcase classname="tests.DashboardTest" name="testMyActionsNavigation" time="0.504"/>
  <testcase classname="tests.DashboardTest" name="testQuickLaunchNavigation" time="0.537"/>
  <testcase classname="tests.DashboardTest" name="testWidgetConfigurationSettings" time="0.164"/>
  <testcase classname="tests.DashboardTest" name="testClickLogout" time="0.81"/>
  <testcase classname="tests.EmployeeTest" name="testRecordsFoundMatchesTableRows" time="1.835"/>
  <testcase classname="tests.EmployeeTest" name="testMandatoryFieldsValidation" time="23.701"/>
  <testcase classname="tests.EmployeeTest" name="testAddEmployeeSuccessfully" time="14.046"/>
  <testcase classname="tests.EmployeeTest" name="testCancelAddEmployee" time="12.707"/>
  <testcase classname="tests.EmployeeTest" name="testResetSearchFilters" time="1.134"/>
  <testcase classname="tests.EmployeeTest" name="testNoRecordsFound" time="0.988"/>
  <testcase classname="tests.EmployeeTest" name="testEditEmployeeNavigation" time="13.523"/>
  <testcase classname="tests.EmployeeTest" name="testToggleCreateLoginDetails" time="12.982"/>
  <testcase classname="tests.EmployeeTest" name="testAddEmployeeWithLoginDetails" time="4.532"/>
  <testcase classname="tests.EmployeeTest" name="testUpdateNationalityAndMaritalStatus" time="24.227"/>
  <testcase classname="tests.EmployeeTest" name="testUpdateGender" time="23.966"/>
  <testcase classname="tests.EmployeeTest" name="testUploadAttachment" time="31.615">
    <failure type="org.openqa.selenium.TimeoutException" message="Expected condition failed: waiting for element found by By.xpath: //h6[text()=&amp;apos;Attachments&amp;apos;]/following::button[normalize-space()=&amp;apos;Add&amp;apos;][1] to be clickable, but the element was not found: org.openqa.selenium.NoSuchElementException: no such element: Unable to locate element: {&amp;quot;method&amp;quot;:&amp;quot;xpath&amp;quot;,&amp;quot;selector&amp;quot;:&amp;quot;//h6[text()=&amp;apos;Attachments&amp;apos;]/following::button[normalize-space()=&amp;apos;Add&amp;apos;][1]&amp;quot;}.
(tried for 10 seconds with 500 milliseconds interval)
Build info: version: &amp;apos;4.45.0&amp;apos;, revision: &amp;apos;cd6a3cd cd6a3cdfca6970f62e5bc8344109d0fe0e2af05e&amp;apos;
System info: os.name: &amp;apos;Windows 11&amp;apos;, os.arch: &amp;apos;amd64&amp;apos;, os.version: &amp;apos;10.0&amp;apos;, java.version: &amp;apos;21.0.10&amp;apos;
Driver info: org.openqa.selenium.chrome.ChromeDriver
Capabilities {acceptInsecureCerts: false, browserName: chrome, browserVersion: 152.0.7977.82, chrome: {chromedriverVersion: 152.0.7977.82 (d04cdb24d67b..., userDataDir: C:\Users\LENOVO\AppData\Loc...}, fedcm:accounts: true, goog:chromeOptions: {debuggerAddress: localhost:59175}, goog:processID: 24504, networkConnectionEnabled: false, pageLoadStrategy: normal, platformName: windows, proxy: Proxy(), se:cdp: ws://localhost:59175/devtoo..., se:cdpVersion: 152.0.7977.82, setWindowRect: true, strictFileInteractability: false, timeouts: {implicit: 0, pageLoad: 300000, script: 30000}, unhandledPromptBehavior: dismiss and notify, webauthn:extension:credBlob: true, webauthn:extension:largeBlob: true, webauthn:extension:minPinLength: true, webauthn:extension:prf: true, webauthn:virtualAuthenticators: true}
Session ID: af6db12019683abb45c6b47da6476dc0">
      <![CDATA[org.openqa.selenium.TimeoutException: Expected condition failed: waiting for element found by By.xpath: //h6[text()='Attachments']/following::button[normalize-space()='Add'][1] to be clickable, but the element was not found: org.openqa.selenium.NoSuchElementException: no such element: Unable to locate element: {"method":"xpath","selector":"//h6[text()='Attachments']/following::button[normalize-space()='Add'][1]"}.
(tried for 10 seconds with 500 milliseconds interval)
Build info: version: '4.45.0', revision: 'cd6a3cd cd6a3cdfca6970f62e5bc8344109d0fe0e2af05e'
System info: os.name: 'Windows 11', os.arch: 'amd64', os.version: '10.0', java.version: '21.0.10'
Driver info: org.openqa.selenium.chrome.ChromeDriver
Capabilities {acceptInsecureCerts: false, browserName: chrome, browserVersion: 152.0.7977.82, chrome: {chromedriverVersion: 152.0.7977.82 (d04cdb24d67b..., userDataDir: C:\Users\LENOVO\AppData\Loc...}, fedcm:accounts: true, goog:chromeOptions: {debuggerAddress: localhost:59175}, goog:processID: 24504, networkConnectionEnabled: false, pageLoadStrategy: normal, platformName: windows, proxy: Proxy(), se:cdp: ws://localhost:59175/devtoo..., se:cdpVersion: 152.0.7977.82, setWindowRect: true, strictFileInteractability: false, timeouts: {implicit: 0, pageLoad: 300000, script: 30000}, unhandledPromptBehavior: dismiss and notify, webauthn:extension:credBlob: true, webauthn:extension:largeBlob: true, webauthn:extension:minPinLength: true, webauthn:extension:prf: true, webauthn:virtualAuthenticators: true}
Session ID: af6db12019683abb45c6b47da6476dc0
at org.openqa.selenium.support.ui.WebDriverWait.timeoutException(WebDriverWait.java:85)
at org.openqa.selenium.support.ui.FluentWait.until(FluentWait.java:234)
at pages.EmployeePage.clickAddAttachment(EmployeePage.java:248)
at tests.EmployeeTest.testUploadAttachment(EmployeeTest.java:166)
at java.base/java.util.ArrayList.forEach(ArrayList.java:1596)
... Removed 25 stack frames]]>
    </failure>
  </testcase> <!-- testUploadAttachment -->
  <testcase classname="tests.EmployeeTest" name="verifySpecialCharactersInEmployeeName" time="23.361">
    <failure type="org.openqa.selenium.TimeoutException" message="Expected condition failed: waiting for visibility of element found by By.xpath: //input[@name=&amp;apos;firstName&amp;apos;]/following::span[contains(@class,&amp;apos;oxd-input-field-error-message&amp;apos;)][1], but... org.openqa.selenium.NoSuchElementException: no such element: Unable to locate element: {&amp;quot;method&amp;quot;:&amp;quot;xpath&amp;quot;,&amp;quot;selector&amp;quot;:&amp;quot;//input[@name=&amp;apos;firstName&amp;apos;]/following::span[contains(@class,&amp;apos;oxd-input-field-error-message&amp;apos;)][1]&amp;quot;}.
(tried for 10 seconds with 500 milliseconds interval)
Build info: version: &amp;apos;4.45.0&amp;apos;, revision: &amp;apos;cd6a3cd cd6a3cdfca6970f62e5bc8344109d0fe0e2af05e&amp;apos;
System info: os.name: &amp;apos;Windows 11&amp;apos;, os.arch: &amp;apos;amd64&amp;apos;, os.version: &amp;apos;10.0&amp;apos;, java.version: &amp;apos;21.0.10&amp;apos;
Driver info: org.openqa.selenium.chrome.ChromeDriver
Capabilities {acceptInsecureCerts: false, browserName: chrome, browserVersion: 152.0.7977.82, chrome: {chromedriverVersion: 152.0.7977.82 (d04cdb24d67b..., userDataDir: C:\Users\LENOVO\AppData\Loc...}, fedcm:accounts: true, goog:chromeOptions: {debuggerAddress: localhost:59175}, goog:processID: 24504, networkConnectionEnabled: false, pageLoadStrategy: normal, platformName: windows, proxy: Proxy(), se:cdp: ws://localhost:59175/devtoo..., se:cdpVersion: 152.0.7977.82, setWindowRect: true, strictFileInteractability: false, timeouts: {implicit: 0, pageLoad: 300000, script: 30000}, unhandledPromptBehavior: dismiss and notify, webauthn:extension:credBlob: true, webauthn:extension:largeBlob: true, webauthn:extension:minPinLength: true, webauthn:extension:prf: true, webauthn:virtualAuthenticators: true}
Session ID: af6db12019683abb45c6b47da6476dc0">
      <![CDATA[org.openqa.selenium.TimeoutException: Expected condition failed: waiting for visibility of element found by By.xpath: //input[@name='firstName']/following::span[contains(@class,'oxd-input-field-error-message')][1], but... org.openqa.selenium.NoSuchElementException: no such element: Unable to locate element: {"method":"xpath","selector":"//input[@name='firstName']/following::span[contains(@class,'oxd-input-field-error-message')][1]"}.
(tried for 10 seconds with 500 milliseconds interval)
Build info: version: '4.45.0', revision: 'cd6a3cd cd6a3cdfca6970f62e5bc8344109d0fe0e2af05e'
System info: os.name: 'Windows 11', os.arch: 'amd64', os.version: '10.0', java.version: '21.0.10'
Driver info: org.openqa.selenium.chrome.ChromeDriver
Capabilities {acceptInsecureCerts: false, browserName: chrome, browserVersion: 152.0.7977.82, chrome: {chromedriverVersion: 152.0.7977.82 (d04cdb24d67b..., userDataDir: C:\Users\LENOVO\AppData\Loc...}, fedcm:accounts: true, goog:chromeOptions: {debuggerAddress: localhost:59175}, goog:processID: 24504, networkConnectionEnabled: false, pageLoadStrategy: normal, platformName: windows, proxy: Proxy(), se:cdp: ws://localhost:59175/devtoo..., se:cdpVersion: 152.0.7977.82, setWindowRect: true, strictFileInteractability: false, timeouts: {implicit: 0, pageLoad: 300000, script: 30000}, unhandledPromptBehavior: dismiss and notify, webauthn:extension:credBlob: true, webauthn:extension:largeBlob: true, webauthn:extension:minPinLength: true, webauthn:extension:prf: true, webauthn:virtualAuthenticators: true}
Session ID: af6db12019683abb45c6b47da6476dc0
at org.openqa.selenium.support.ui.WebDriverWait.timeoutException(WebDriverWait.java:85)
at org.openqa.selenium.support.ui.FluentWait.until(FluentWait.java:234)
at pages.EmployeePage.getFirstNameValidationError(EmployeePage.java:235)
at tests.EmployeeTest.verifySpecialCharactersInEmployeeName(EmployeeTest.java:203)
at java.base/java.util.ArrayList.forEach(ArrayList.java:1596)
... Removed 25 stack frames]]>
    </failure>
  </testcase> <!-- verifySpecialCharactersInEmployeeName -->
  <testcase classname="tests.EmployeeTest" name="verifyDuplicateEmployeeName" time="14.172">
    <failure type="java.lang.AssertionError" message="Validation message mismatch for duplicate employee creation. expected [duplicate entry not accepted] but found [Successfully Saved]">
      <![CDATA[java.lang.AssertionError: Validation message mismatch for duplicate employee creation. expected [duplicate entry not accepted] but found [Successfully Saved]
at tests.EmployeeTest.verifyDuplicateEmployeeName(EmployeeTest.java:225)
at java.base/java.util.ArrayList.forEach(ArrayList.java:1596)
... Removed 30 stack frames]]>
    </failure>
  </testcase> <!-- verifyDuplicateEmployeeName -->
  <testcase classname="tests.UserListTest" name="testResetButton" time="0.565"/>
  <testcase classname="tests.UserListTest" name="testSearchExistingUser" time="0.318"/>
  <testcase classname="tests.UserListTest" name="testSearchNonExistentUser" time="0.828"/>
  <testcase classname="tests.UserListTest" name="testAddButton" time="3.841"/>
  <testcase classname="tests.UserListTest" name="verifyEditUser" time="2.357"/>
  <testcase classname="tests.UserListTest" name="verifyDeleteUser" time="21.73">
    <failure type="java.lang.AssertionError" message="Cannot delete: User &amp;apos;FMLName&amp;apos; was not found in the list. expected [true] but found [false]">
      <![CDATA[java.lang.AssertionError: Cannot delete: User 'FMLName' was not found in the list. expected [true] but found [false]
at tests.UserListTest.verifyDeleteUser(UserListTest.java:110)
at java.base/java.util.ArrayList.forEach(ArrayList.java:1596)
... Removed 28 stack frames]]>
    </failure>
  </testcase> <!-- verifyDeleteUser -->
  <testcase classname="tests.UserTest" name="verifyUserSavedSuccessfully" time="3.598">
    <failure type="java.lang.AssertionError" message="Success toast message was not displayed after creating user. expected [true] but found [false]">
      <![CDATA[java.lang.AssertionError: Success toast message was not displayed after creating user. expected [true] but found [false]
at tests.UserTest.verifyUserSavedSuccessfully(UserTest.java:57)
at java.base/java.util.ArrayList.forEach(ArrayList.java:1596)
... Removed 28 stack frames]]>
    </failure>
  </testcase> <!-- verifyUserSavedSuccessfully -->
  <testcase classname="tests.UserTest" name="testCancelButton" time="0.98"/>
  <testcase classname="tests.UserTest" name="verifySpecialCharactersInUsername" time="2.133">
    <failure type="java.lang.AssertionError" message="Validation message mismatch when entering special characters in username. expected [Should not contain special characters] but found [Should be at least 5 characters]">
      <![CDATA[java.lang.AssertionError: Validation message mismatch when entering special characters in username. expected [Should not contain special characters] but found [Should be at least 5 characters]
at tests.UserTest.verifySpecialCharactersInUsername(UserTest.java:83)
at java.base/java.util.ArrayList.forEach(ArrayList.java:1596)
... Removed 30 stack frames]]>
    </failure>
  </testcase> <!-- verifySpecialCharactersInUsername -->
  <testcase classname="tests.ReportTest" name="testAddReportValidation" time="1.661"/>
  <testcase classname="tests.ReportTest" name="testCreateReportSuccessfully" time="3.004"/>
  <testcase classname="tests.ReportTest" name="testCancelAddReport" time="2.284"/>
  <testcase classname="tests.ReportTest" name="testRunReport" time="1.603"/>
  <testcase classname="tests.ReportTest" name="testEditReportNavigation" time="1.26"/>
  <testcase classname="tests.ReportTest" name="testResetReportSearch" time="2.256"/>
  <testcase classname="tests.ReportTest" name="testDeleteReport" time="2.341"/>
  <testcase classname="tests.ReportTest" name="verifyReportSearchAutocompletion" time="23.771">
    <failure type="java.lang.AssertionError" message="Search operation failed: Typing complete report name and clicking search directly showed invalid message or failed to filter records. expected [true] but found [false]">
      <![CDATA[java.lang.AssertionError: Search operation failed: Typing complete report name and clicking search directly showed invalid message or failed to filter records. expected [true] but found [false]
at tests.ReportTest.verifyReportSearchAutocompletion(ReportTest.java:114)
at java.base/java.util.ArrayList.forEach(ArrayList.java:1596)
... Removed 28 stack frames]]>
    </failure>
  </testcase> <!-- verifyReportSearchAutocompletion -->
  <testcase classname="tests.LeaveListTest" name="testDefaultSearch" time="21.241"/>
  <testcase classname="tests.LeaveListTest" name="testResetSearchFilters" time="61.0"/>
  <testcase classname="tests.LeaveListTest" name="testFilterBySubUnit" time="31.339"/>
  <testcase classname="tests.LeaveListTest" name="testToggleIncludePastEmployees" time="31.314"/>
  <testcase classname="tests.LeaveListTest" name="testAddCommentToLeave" time="40.775"/>
  <testcase classname="tests.LeaveListTest" name="testViewLeaveDetailsNavigation" time="51.993"/>
  <testcase classname="tests.LeaveListTest" name="testViewPimInfoNavigation" time="40.764"/>
  <testcase classname="tests.LeaveListTest" name="testCancelLeaveRecord" time="52.065"/>
  <testcase classname="tests.AssignLeaveTest" name="testNavigationToAssignLeave" time="0.018"/>
  <testcase classname="tests.AssignLeaveTest" name="testMandatoryFieldsValidation" time="10.127"/>
  <testcase classname="tests.AssignLeaveTest" name="testLeaveBalanceDisplay" time="41.612"/>
  <testcase classname="tests.AssignLeaveTest" name="testAssignLeaveSuccess" time="73.242"/>
  <testcase classname="tests.AssignLeaveTest" name="verifyLeaveBalanceResetAfterSubmission" time="56.179">
    <failure type="org.openqa.selenium.TimeoutException" message="Expected condition failed: waiting for element found by By.xpath: //div[@role=&amp;apos;option&amp;apos;]//span[text()=&amp;apos;CAN - personal&amp;apos;] to be clickable, but the element was not found: org.openqa.selenium.NoSuchElementException: no such element: Unable to locate element: {&amp;quot;method&amp;quot;:&amp;quot;xpath&amp;quot;,&amp;quot;selector&amp;quot;:&amp;quot;//div[@role=&amp;apos;option&amp;apos;]//span[text()=&amp;apos;CAN - personal&amp;apos;]&amp;quot;}.
(tried for 10 seconds with 500 milliseconds interval)
Build info: version: &amp;apos;4.45.0&amp;apos;, revision: &amp;apos;cd6a3cd cd6a3cdfca6970f62e5bc8344109d0fe0e2af05e&amp;apos;
System info: os.name: &amp;apos;Windows 11&amp;apos;, os.arch: &amp;apos;amd64&amp;apos;, os.version: &amp;apos;10.0&amp;apos;, java.version: &amp;apos;21.0.10&amp;apos;
Driver info: org.openqa.selenium.chrome.ChromeDriver
Capabilities {acceptInsecureCerts: false, browserName: chrome, browserVersion: 152.0.7977.82, chrome: {chromedriverVersion: 152.0.7977.82 (d04cdb24d67b..., userDataDir: C:\Users\LENOVO\AppData\Loc...}, fedcm:accounts: true, goog:chromeOptions: {debuggerAddress: localhost:61071}, goog:processID: 8076, networkConnectionEnabled: false, pageLoadStrategy: normal, platformName: windows, proxy: Proxy(), se:cdp: ws://localhost:61071/devtoo..., se:cdpVersion: 152.0.7977.82, setWindowRect: true, strictFileInteractability: false, timeouts: {implicit: 0, pageLoad: 300000, script: 30000}, unhandledPromptBehavior: dismiss and notify, webauthn:extension:credBlob: true, webauthn:extension:largeBlob: true, webauthn:extension:minPinLength: true, webauthn:extension:prf: true, webauthn:virtualAuthenticators: true}
Session ID: f8d2aa7109107414f0fd1bbbc7c1b13c">
      <![CDATA[org.openqa.selenium.TimeoutException: Expected condition failed: waiting for element found by By.xpath: //div[@role='option']//span[text()='CAN - personal'] to be clickable, but the element was not found: org.openqa.selenium.NoSuchElementException: no such element: Unable to locate element: {"method":"xpath","selector":"//div[@role='option']//span[text()='CAN - personal']"}.
(tried for 10 seconds with 500 milliseconds interval)
Build info: version: '4.45.0', revision: 'cd6a3cd cd6a3cdfca6970f62e5bc8344109d0fe0e2af05e'
System info: os.name: 'Windows 11', os.arch: 'amd64', os.version: '10.0', java.version: '21.0.10'
Driver info: org.openqa.selenium.chrome.ChromeDriver
Capabilities {acceptInsecureCerts: false, browserName: chrome, browserVersion: 152.0.7977.82, chrome: {chromedriverVersion: 152.0.7977.82 (d04cdb24d67b..., userDataDir: C:\Users\LENOVO\AppData\Loc...}, fedcm:accounts: true, goog:chromeOptions: {debuggerAddress: localhost:61071}, goog:processID: 8076, networkConnectionEnabled: false, pageLoadStrategy: normal, platformName: windows, proxy: Proxy(), se:cdp: ws://localhost:61071/devtoo..., se:cdpVersion: 152.0.7977.82, setWindowRect: true, strictFileInteractability: false, timeouts: {implicit: 0, pageLoad: 300000, script: 30000}, unhandledPromptBehavior: dismiss and notify, webauthn:extension:credBlob: true, webauthn:extension:largeBlob: true, webauthn:extension:minPinLength: true, webauthn:extension:prf: true, webauthn:virtualAuthenticators: true}
Session ID: f8d2aa7109107414f0fd1bbbc7c1b13c
at org.openqa.selenium.support.ui.WebDriverWait.timeoutException(WebDriverWait.java:85)
at org.openqa.selenium.support.ui.FluentWait.until(FluentWait.java:234)
at pages.AssignLeavePage.selectLeaveType(AssignLeavePage.java:169)
at tests.AssignLeaveTest.verifyLeaveBalanceResetAfterSubmission(AssignLeaveTest.java:100)
at java.base/java.util.ArrayList.forEach(ArrayList.java:1596)
... Removed 25 stack frames]]>
    </failure>
  </testcase> <!-- verifyLeaveBalanceResetAfterSubmission -->
  <testcase classname="tests.AssignLeaveTest" name="verifyLeaveSubmissionWhenBalanceInsufficient" time="64.219">
    <failure type="org.openqa.selenium.TimeoutException" message="Expected condition failed: waiting for element found by By.xpath: //div[@role=&amp;apos;option&amp;apos;]//span[text()=&amp;apos;CAN - personal&amp;apos;] to be clickable, but the element was not found: org.openqa.selenium.NoSuchElementException: no such element: Unable to locate element: {&amp;quot;method&amp;quot;:&amp;quot;xpath&amp;quot;,&amp;quot;selector&amp;quot;:&amp;quot;//div[@role=&amp;apos;option&amp;apos;]//span[text()=&amp;apos;CAN - personal&amp;apos;]&amp;quot;}.
(tried for 10 seconds with 500 milliseconds interval)
Build info: version: &amp;apos;4.45.0&amp;apos;, revision: &amp;apos;cd6a3cd cd6a3cdfca6970f62e5bc8344109d0fe0e2af05e&amp;apos;
System info: os.name: &amp;apos;Windows 11&amp;apos;, os.arch: &amp;apos;amd64&amp;apos;, os.version: &amp;apos;10.0&amp;apos;, java.version: &amp;apos;21.0.10&amp;apos;
Driver info: org.openqa.selenium.chrome.ChromeDriver
Capabilities {acceptInsecureCerts: false, browserName: chrome, browserVersion: 152.0.7977.82, chrome: {chromedriverVersion: 152.0.7977.82 (d04cdb24d67b..., userDataDir: C:\Users\LENOVO\AppData\Loc...}, fedcm:accounts: true, goog:chromeOptions: {debuggerAddress: localhost:61071}, goog:processID: 8076, networkConnectionEnabled: false, pageLoadStrategy: normal, platformName: windows, proxy: Proxy(), se:cdp: ws://localhost:61071/devtoo..., se:cdpVersion: 152.0.7977.82, setWindowRect: true, strictFileInteractability: false, timeouts: {implicit: 0, pageLoad: 300000, script: 30000}, unhandledPromptBehavior: dismiss and notify, webauthn:extension:credBlob: true, webauthn:extension:largeBlob: true, webauthn:extension:minPinLength: true, webauthn:extension:prf: true, webauthn:virtualAuthenticators: true}
Session ID: f8d2aa7109107414f0fd1bbbc7c1b13c">
      <![CDATA[org.openqa.selenium.TimeoutException: Expected condition failed: waiting for element found by By.xpath: //div[@role='option']//span[text()='CAN - personal'] to be clickable, but the element was not found: org.openqa.selenium.NoSuchElementException: no such element: Unable to locate element: {"method":"xpath","selector":"//div[@role='option']//span[text()='CAN - personal']"}.
(tried for 10 seconds with 500 milliseconds interval)
Build info: version: '4.45.0', revision: 'cd6a3cd cd6a3cdfca6970f62e5bc8344109d0fe0e2af05e'
System info: os.name: 'Windows 11', os.arch: 'amd64', os.version: '10.0', java.version: '21.0.10'
Driver info: org.openqa.selenium.chrome.ChromeDriver
Capabilities {acceptInsecureCerts: false, browserName: chrome, browserVersion: 152.0.7977.82, chrome: {chromedriverVersion: 152.0.7977.82 (d04cdb24d67b..., userDataDir: C:\Users\LENOVO\AppData\Loc...}, fedcm:accounts: true, goog:chromeOptions: {debuggerAddress: localhost:61071}, goog:processID: 8076, networkConnectionEnabled: false, pageLoadStrategy: normal, platformName: windows, proxy: Proxy(), se:cdp: ws://localhost:61071/devtoo..., se:cdpVersion: 152.0.7977.82, setWindowRect: true, strictFileInteractability: false, timeouts: {implicit: 0, pageLoad: 300000, script: 30000}, unhandledPromptBehavior: dismiss and notify, webauthn:extension:credBlob: true, webauthn:extension:largeBlob: true, webauthn:extension:minPinLength: true, webauthn:extension:prf: true, webauthn:virtualAuthenticators: true}
Session ID: f8d2aa7109107414f0fd1bbbc7c1b13c
at org.openqa.selenium.support.ui.WebDriverWait.timeoutException(WebDriverWait.java:85)
at org.openqa.selenium.support.ui.FluentWait.until(FluentWait.java:234)
at pages.AssignLeavePage.selectLeaveType(AssignLeavePage.java:169)
at tests.AssignLeaveTest.verifyLeaveSubmissionWhenBalanceInsufficient(AssignLeaveTest.java:129)
at java.base/java.util.ArrayList.forEach(ArrayList.java:1596)
... Removed 25 stack frames]]>
    </failure>
  </testcase> <!-- verifyLeaveSubmissionWhenBalanceInsufficient -->
  <testcase classname="tests.RecruitmentCandidatesTest" name="testNavigationToCandidates" time="0.016"/>
  <testcase classname="tests.RecruitmentCandidatesTest" name="testSearchCandidates" time="20.791"/>
  <testcase classname="tests.RecruitmentCandidatesTest" name="testResetFilters" time="20.72"/>
  <testcase classname="tests.RecruitmentCandidatesTest" name="testNavigateToAddCandidate" time="10.543"/>
  <testcase classname="tests.RecruitmentCandidatesTest" name="testViewCandidateDetails" time="32.429"/>
  <testcase classname="tests.RecruitmentCandidatesTest" name="testCancelCandidateDeletion" time="31.368"/>
  <testcase classname="tests.RecruitmentCandidatesTest" name="testDeleteCandidate" time="21.74"/>
  <testcase classname="tests.RecruitmentCandidatesTest" name="testDownloadCandidateResume" time="152.273"/>
  <testcase classname="tests.RecruitmentCandidatesTest" name="testMandatoryFieldsValidation" time="10.799"/>
  <testcase classname="tests.RecruitmentCandidatesTest" name="testAddCandidateSuccess" time="21.581"/>
  <testcase classname="tests.RecruitmentCandidatesTest" name="testInvalidEmailValidation" time="20.912"/>
  <testcase classname="tests.RecruitmentCandidatesTest" name="verifyShortlistCandidate" time="3.398">
    <failure type="java.lang.AssertionError" message="Defect Captured: Red &amp;apos;Unexpected Error Occurred&amp;apos; message was displayed when shortlisting candidate. expected [false] but found [true]">
      <![CDATA[java.lang.AssertionError: Defect Captured: Red 'Unexpected Error Occurred' message was displayed when shortlisting candidate. expected [false] but found [true]
at tests.RecruitmentCandidatesTest.verifyShortlistCandidate(RecruitmentCandidatesTest.java:182)
at java.base/java.util.ArrayList.forEach(ArrayList.java:1596)
... Removed 28 stack frames]]>
    </failure>
  </testcase> <!-- verifyShortlistCandidate -->
  <testcase classname="tests.VacancyTest" name="testNavigateToVacancies" time="0.0"/>
  <testcase classname="tests.VacancyTest" name="testRecordsFoundMatchesTableRows" time="0.944"/>
  <testcase classname="tests.VacancyTest" name="testSearchByJobTitle" time="11.609"/>
  <testcase classname="tests.VacancyTest" name="testSearchByStatus" time="11.184">
    <failure type="org.openqa.selenium.StaleElementReferenceException" message="stale element reference: stale element not found in the current frame
  (Session info: chrome=152.0.7977.82)
For documentation on this error, please visit: https://www.selenium.dev/documentation/webdriver/troubleshooting/errors#staleelementreferenceexception
Build info: version: &amp;apos;4.45.0&amp;apos;, revision: &amp;apos;cd6a3cd cd6a3cdfca6970f62e5bc8344109d0fe0e2af05e&amp;apos;
System info: os.name: &amp;apos;Windows 11&amp;apos;, os.arch: &amp;apos;amd64&amp;apos;, os.version: &amp;apos;10.0&amp;apos;, java.version: &amp;apos;21.0.10&amp;apos;
Driver info: org.openqa.selenium.chrome.ChromeDriver
Command: [617394acc599b26b0e6b40958a445147, getElementText {id=f.887DCFA84745E9DDE67BFF1EFC1D95F7.d.94EE6DDA1946C8DAAE9BBBD072E63E34.e.523}]
Capabilities {acceptInsecureCerts: false, browserName: chrome, browserVersion: 152.0.7977.82, chrome: {chromedriverVersion: 152.0.7977.82 (d04cdb24d67b..., userDataDir: C:\Users\LENOVO\AppData\Loc...}, fedcm:accounts: true, goog:chromeOptions: {debuggerAddress: localhost:52419}, goog:processID: 15056, networkConnectionEnabled: false, pageLoadStrategy: normal, platformName: windows, proxy: Proxy(), se:cdp: ws://localhost:52419/devtoo..., se:cdpVersion: 152.0.7977.82, setWindowRect: true, strictFileInteractability: false, timeouts: {implicit: 0, pageLoad: 300000, script: 30000}, unhandledPromptBehavior: dismiss and notify, webauthn:extension:credBlob: true, webauthn:extension:largeBlob: true, webauthn:extension:minPinLength: true, webauthn:extension:prf: true, webauthn:virtualAuthenticators: true}
Element: [[ChromeDriver: chrome on windows (617394acc599b26b0e6b40958a445147)] -&amp;gt; xpath: //span[contains(.,&amp;apos;Record Found&amp;apos;) or contains(.,&amp;apos;Records Found&amp;apos;)]]
Session ID: 617394acc599b26b0e6b40958a445147">
      <![CDATA[org.openqa.selenium.StaleElementReferenceException: stale element reference: stale element not found in the current frame
  (Session info: chrome=152.0.7977.82)
For documentation on this error, please visit: https://www.selenium.dev/documentation/webdriver/troubleshooting/errors#staleelementreferenceexception
Build info: version: '4.45.0', revision: 'cd6a3cd cd6a3cdfca6970f62e5bc8344109d0fe0e2af05e'
System info: os.name: 'Windows 11', os.arch: 'amd64', os.version: '10.0', java.version: '21.0.10'
Driver info: org.openqa.selenium.chrome.ChromeDriver
Command: [617394acc599b26b0e6b40958a445147, getElementText {id=f.887DCFA84745E9DDE67BFF1EFC1D95F7.d.94EE6DDA1946C8DAAE9BBBD072E63E34.e.523}]
Capabilities {acceptInsecureCerts: false, browserName: chrome, browserVersion: 152.0.7977.82, chrome: {chromedriverVersion: 152.0.7977.82 (d04cdb24d67b..., userDataDir: C:\Users\LENOVO\AppData\Loc...}, fedcm:accounts: true, goog:chromeOptions: {debuggerAddress: localhost:52419}, goog:processID: 15056, networkConnectionEnabled: false, pageLoadStrategy: normal, platformName: windows, proxy: Proxy(), se:cdp: ws://localhost:52419/devtoo..., se:cdpVersion: 152.0.7977.82, setWindowRect: true, strictFileInteractability: false, timeouts: {implicit: 0, pageLoad: 300000, script: 30000}, unhandledPromptBehavior: dismiss and notify, webauthn:extension:credBlob: true, webauthn:extension:largeBlob: true, webauthn:extension:minPinLength: true, webauthn:extension:prf: true, webauthn:virtualAuthenticators: true}
Element: [[ChromeDriver: chrome on windows (617394acc599b26b0e6b40958a445147)] -> xpath: //span[contains(.,'Record Found') or contains(.,'Records Found')]]
Session ID: 617394acc599b26b0e6b40958a445147
at org.openqa.selenium.remote.ErrorCodec.decode(ErrorCodec.java:169)
at org.openqa.selenium.remote.codec.w3c.W3CHttpResponseCodec.decode(W3CHttpResponseCodec.java:143)
at org.openqa.selenium.remote.codec.w3c.W3CHttpResponseCodec.decode(W3CHttpResponseCodec.java:50)
at org.openqa.selenium.remote.HttpCommandExecutor.execute(HttpCommandExecutor.java:196)
at org.openqa.selenium.remote.service.DriverCommandExecutor.invokeExecute(DriverCommandExecutor.java:217)
at org.openqa.selenium.remote.service.DriverCommandExecutor.execute(DriverCommandExecutor.java:175)
at org.openqa.selenium.remote.RemoteWebDriver.execute(RemoteWebDriver.java:575)
at org.openqa.selenium.remote.RemoteWebElement.execute(RemoteWebElement.java:225)
at org.openqa.selenium.remote.RemoteWebElement.getText(RemoteWebElement.java:193)
at pages.VacancyPage.getRecordsFoundCount(VacancyPage.java:239)
at tests.VacancyTest.testSearchByStatus(VacancyTest.java:63)
at java.base/java.util.ArrayList.forEach(ArrayList.java:1596)
... Removed 25 stack frames]]>
    </failure>
  </testcase> <!-- testSearchByStatus -->
  <testcase classname="tests.VacancyTest" name="testResetButtonClearsFilters" time="11.089"/>
  <testcase classname="tests.VacancyTest" name="testNavigateToAddVacancyPage" time="1.076"/>
  <testcase classname="tests.VacancyTest" name="testMandatoryFieldsValidationOnAddVacancy" time="11.291"/>
  <testcase classname="tests.VacancyTest" name="testAddNewVacancySuccessfully" time="42.54"/>
  <testcase classname="tests.VacancyTest" name="testCancelAddVacancy" time="2.016"/>
  <testcase classname="tests.VacancyTest" name="testEditVacancyNavigation" time="12.256"/>
  <testcase classname="tests.VacancyTest" name="testBulkSelectAllCheckboxes" time="1.092"/>
  <testcase classname="tests.VacancyTest" name="verifySpecialCharactersInVacancyName" time="32.721">
    <failure type="org.openqa.selenium.TimeoutException" message="Expected condition failed: waiting for visibility of element found by By.xpath: //label[text()=&amp;apos;Vacancy Name&amp;apos;]/ancestor::div[contains(@class,&amp;apos;oxd-input-field&amp;apos;)]//span[contains(@class,&amp;apos;oxd-input-field-error-message&amp;apos;)], but... org.openqa.selenium.NoSuchElementException: no such element: Unable to locate element: {&amp;quot;method&amp;quot;:&amp;quot;xpath&amp;quot;,&amp;quot;selector&amp;quot;:&amp;quot;//label[text()=&amp;apos;Vacancy Name&amp;apos;]/ancestor::div[contains(@class,&amp;apos;oxd-input-field&amp;apos;)]//span[contains(@class,&amp;apos;oxd-input-field-error-message&amp;apos;)]&amp;quot;}.
(tried for 10 seconds with 500 milliseconds interval)
Build info: version: &amp;apos;4.45.0&amp;apos;, revision: &amp;apos;cd6a3cd cd6a3cdfca6970f62e5bc8344109d0fe0e2af05e&amp;apos;
System info: os.name: &amp;apos;Windows 11&amp;apos;, os.arch: &amp;apos;amd64&amp;apos;, os.version: &amp;apos;10.0&amp;apos;, java.version: &amp;apos;21.0.10&amp;apos;
Driver info: org.openqa.selenium.chrome.ChromeDriver
Capabilities {acceptInsecureCerts: false, browserName: chrome, browserVersion: 152.0.7977.82, chrome: {chromedriverVersion: 152.0.7977.82 (d04cdb24d67b..., userDataDir: C:\Users\LENOVO\AppData\Loc...}, fedcm:accounts: true, goog:chromeOptions: {debuggerAddress: localhost:52419}, goog:processID: 15056, networkConnectionEnabled: false, pageLoadStrategy: normal, platformName: windows, proxy: Proxy(), se:cdp: ws://localhost:52419/devtoo..., se:cdpVersion: 152.0.7977.82, setWindowRect: true, strictFileInteractability: false, timeouts: {implicit: 0, pageLoad: 300000, script: 30000}, unhandledPromptBehavior: dismiss and notify, webauthn:extension:credBlob: true, webauthn:extension:largeBlob: true, webauthn:extension:minPinLength: true, webauthn:extension:prf: true, webauthn:virtualAuthenticators: true}
Session ID: 617394acc599b26b0e6b40958a445147">
      <![CDATA[org.openqa.selenium.TimeoutException: Expected condition failed: waiting for visibility of element found by By.xpath: //label[text()='Vacancy Name']/ancestor::div[contains(@class,'oxd-input-field')]//span[contains(@class,'oxd-input-field-error-message')], but... org.openqa.selenium.NoSuchElementException: no such element: Unable to locate element: {"method":"xpath","selector":"//label[text()='Vacancy Name']/ancestor::div[contains(@class,'oxd-input-field')]//span[contains(@class,'oxd-input-field-error-message')]"}.
(tried for 10 seconds with 500 milliseconds interval)
Build info: version: '4.45.0', revision: 'cd6a3cd cd6a3cdfca6970f62e5bc8344109d0fe0e2af05e'
System info: os.name: 'Windows 11', os.arch: 'amd64', os.version: '10.0', java.version: '21.0.10'
Driver info: org.openqa.selenium.chrome.ChromeDriver
Capabilities {acceptInsecureCerts: false, browserName: chrome, browserVersion: 152.0.7977.82, chrome: {chromedriverVersion: 152.0.7977.82 (d04cdb24d67b..., userDataDir: C:\Users\LENOVO\AppData\Loc...}, fedcm:accounts: true, goog:chromeOptions: {debuggerAddress: localhost:52419}, goog:processID: 15056, networkConnectionEnabled: false, pageLoadStrategy: normal, platformName: windows, proxy: Proxy(), se:cdp: ws://localhost:52419/devtoo..., se:cdpVersion: 152.0.7977.82, setWindowRect: true, strictFileInteractability: false, timeouts: {implicit: 0, pageLoad: 300000, script: 30000}, unhandledPromptBehavior: dismiss and notify, webauthn:extension:credBlob: true, webauthn:extension:largeBlob: true, webauthn:extension:minPinLength: true, webauthn:extension:prf: true, webauthn:virtualAuthenticators: true}
Session ID: 617394acc599b26b0e6b40958a445147
at org.openqa.selenium.support.ui.WebDriverWait.timeoutException(WebDriverWait.java:85)
at org.openqa.selenium.support.ui.FluentWait.until(FluentWait.java:234)
at pages.VacancyPage.getVacancyNameValidationError(VacancyPage.java:188)
at tests.VacancyTest.verifySpecialCharactersInVacancyName(VacancyTest.java:162)
at java.base/java.util.ArrayList.forEach(ArrayList.java:1596)
... Removed 25 stack frames]]>
    </failure>
  </testcase> <!-- verifySpecialCharactersInVacancyName -->
  <testcase classname="tests.DirectoryTest" name="testNavigateToDirectory" time="0.009"/>
  <testcase classname="tests.DirectoryTest" name="testRecordCountMatchesCards" time="42.045">
    <failure type="java.lang.AssertionError" message="Cards were displayed even though &amp;apos;No Records Found&amp;apos; / 0 records were reported. expected [0] but found [1]">
      <![CDATA[java.lang.AssertionError: Cards were displayed even though 'No Records Found' / 0 records were reported. expected [0] but found [1]
at tests.DirectoryTest.testRecordCountMatchesCards(DirectoryTest.java:43)
at java.base/java.util.ArrayList.forEach(ArrayList.java:1596)
... Removed 31 stack frames]]>
    </failure>
  </testcase> <!-- testRecordCountMatchesCards -->
  <testcase classname="tests.DirectoryTest" name="testSearchByEmployeeName" time="21.061"/>
  <testcase classname="tests.DirectoryTest" name="testSearchByJobTitle" time="31.753"/>
  <testcase classname="tests.DirectoryTest" name="testSearchByLocation" time="31.665"/>
  <testcase classname="tests.DirectoryTest" name="testCombinedFilterSearch" time="42.401"/>
  <testcase classname="tests.DirectoryTest" name="testResetFilters" time="22.657"/>
  <testcase classname="tests.DirectoryTest" name="testNoRecordsFoundForInvalidSearch" time="21.04">
    <failure type="org.openqa.selenium.TimeoutException" message="Expected condition failed: waiting for element found by By.xpath: //div[@role=&amp;apos;option&amp;apos;]//span[text()=&amp;apos;Automation Tester&amp;apos;] to be clickable, but the element was not found: org.openqa.selenium.NoSuchElementException: no such element: Unable to locate element: {&amp;quot;method&amp;quot;:&amp;quot;xpath&amp;quot;,&amp;quot;selector&amp;quot;:&amp;quot;//div[@role=&amp;apos;option&amp;apos;]//span[text()=&amp;apos;Automation Tester&amp;apos;]&amp;quot;}.
(tried for 10 seconds with 500 milliseconds interval)
Build info: version: &amp;apos;4.45.0&amp;apos;, revision: &amp;apos;cd6a3cd cd6a3cdfca6970f62e5bc8344109d0fe0e2af05e&amp;apos;
System info: os.name: &amp;apos;Windows 11&amp;apos;, os.arch: &amp;apos;amd64&amp;apos;, os.version: &amp;apos;10.0&amp;apos;, java.version: &amp;apos;21.0.10&amp;apos;
Driver info: org.openqa.selenium.chrome.ChromeDriver
Capabilities {acceptInsecureCerts: false, browserName: chrome, browserVersion: 152.0.7977.82, chrome: {chromedriverVersion: 152.0.7977.82 (d04cdb24d67b..., userDataDir: C:\Users\LENOVO\AppData\Loc...}, fedcm:accounts: true, goog:chromeOptions: {debuggerAddress: localhost:57387}, goog:processID: 25992, networkConnectionEnabled: false, pageLoadStrategy: normal, platformName: windows, proxy: Proxy(), se:cdp: ws://localhost:57387/devtoo..., se:cdpVersion: 152.0.7977.82, setWindowRect: true, strictFileInteractability: false, timeouts: {implicit: 0, pageLoad: 300000, script: 30000}, unhandledPromptBehavior: dismiss and notify, webauthn:extension:credBlob: true, webauthn:extension:largeBlob: true, webauthn:extension:minPinLength: true, webauthn:extension:prf: true, webauthn:virtualAuthenticators: true}
Session ID: a4f9f7f2e68c1adb3279cd546d61fd7c">
      <![CDATA[org.openqa.selenium.TimeoutException: Expected condition failed: waiting for element found by By.xpath: //div[@role='option']//span[text()='Automation Tester'] to be clickable, but the element was not found: org.openqa.selenium.NoSuchElementException: no such element: Unable to locate element: {"method":"xpath","selector":"//div[@role='option']//span[text()='Automation Tester']"}.
(tried for 10 seconds with 500 milliseconds interval)
Build info: version: '4.45.0', revision: 'cd6a3cd cd6a3cdfca6970f62e5bc8344109d0fe0e2af05e'
System info: os.name: 'Windows 11', os.arch: 'amd64', os.version: '10.0', java.version: '21.0.10'
Driver info: org.openqa.selenium.chrome.ChromeDriver
Capabilities {acceptInsecureCerts: false, browserName: chrome, browserVersion: 152.0.7977.82, chrome: {chromedriverVersion: 152.0.7977.82 (d04cdb24d67b..., userDataDir: C:\Users\LENOVO\AppData\Loc...}, fedcm:accounts: true, goog:chromeOptions: {debuggerAddress: localhost:57387}, goog:processID: 25992, networkConnectionEnabled: false, pageLoadStrategy: normal, platformName: windows, proxy: Proxy(), se:cdp: ws://localhost:57387/devtoo..., se:cdpVersion: 152.0.7977.82, setWindowRect: true, strictFileInteractability: false, timeouts: {implicit: 0, pageLoad: 300000, script: 30000}, unhandledPromptBehavior: dismiss and notify, webauthn:extension:credBlob: true, webauthn:extension:largeBlob: true, webauthn:extension:minPinLength: true, webauthn:extension:prf: true, webauthn:virtualAuthenticators: true}
Session ID: a4f9f7f2e68c1adb3279cd546d61fd7c
at org.openqa.selenium.support.ui.WebDriverWait.timeoutException(WebDriverWait.java:85)
at org.openqa.selenium.support.ui.FluentWait.until(FluentWait.java:234)
at pages.DirectoryPage.selectJobTitle(DirectoryPage.java:89)
at tests.DirectoryTest.testNoRecordsFoundForInvalidSearch(DirectoryTest.java:118)
at java.base/java.util.ArrayList.forEach(ArrayList.java:1596)
... Removed 25 stack frames]]>
    </failure>
  </testcase> <!-- testNoRecordsFoundForInvalidSearch -->
  <testcase classname="tests.DirectoryTest" name="testToggleSearchPanel" time="0.534"/>
  <testcase classname="tests.MaintenanceTest" name="testAdminAccessPromptDisplayed" time="0.415"/>
  <testcase classname="tests.MaintenanceTest" name="testInvalidAdminPasswordAuthentication" time="1.189"/>
  <testcase classname="tests.MaintenanceTest" name="testValidAdminPasswordAuthentication" time="1.084"/>
  <testcase classname="tests.MaintenanceTest" name="testPurgeEmployeeMandatoryFieldValidation" time="10.138"/>
  <testcase classname="tests.MaintenanceTest" name="testSearchPastEmployeeForPurging" time="20.119"/>
  <testcase classname="tests.MaintenanceTest" name="testNavigateToPurgeCandidateRecords" time="11.127"/>
  <testcase classname="tests.MaintenanceTest" name="testPurgeCandidateMandatoryFieldValidation" time="21.227"/>
  <testcase classname="tests.MaintenanceTest" name="testPurgeAllButtonVisibilityAfterSearch" time="51.507">
    <failure type="java.lang.AssertionError" message="&amp;apos;Purge All&amp;apos; button is not displayed after performing search. expected [true] but found [false]">
      <![CDATA[java.lang.AssertionError: 'Purge All' button is not displayed after performing search. expected [true] but found [false]
at tests.MaintenanceTest.testPurgeAllButtonVisibilityAfterSearch(MaintenanceTest.java:118)
at java.base/java.util.ArrayList.forEach(ArrayList.java:1596)
... Removed 28 stack frames]]>
    </failure>
  </testcase> <!-- testPurgeAllButtonVisibilityAfterSearch -->
  <testcase classname="tests.MaintenanceTest" name="testPurgeAllConfirmationModal" time="34.735"/>
  <testcase classname="tests.MaintenanceTest" name="testCancelPurgeAll" time="43.753">
    <failure type="org.openqa.selenium.TimeoutException" message="Expected condition failed: waiting for element found by By.xpath: //button[normalize-space()=&amp;apos;No, Cancel&amp;apos;] to be clickable, but the element was not visible.
(tried for 10 seconds with 500 milliseconds interval)
Build info: version: &amp;apos;4.45.0&amp;apos;, revision: &amp;apos;cd6a3cd cd6a3cdfca6970f62e5bc8344109d0fe0e2af05e&amp;apos;
System info: os.name: &amp;apos;Windows 11&amp;apos;, os.arch: &amp;apos;amd64&amp;apos;, os.version: &amp;apos;10.0&amp;apos;, java.version: &amp;apos;21.0.10&amp;apos;
Driver info: org.openqa.selenium.chrome.ChromeDriver
Capabilities {acceptInsecureCerts: false, browserName: chrome, browserVersion: 152.0.7977.82, chrome: {chromedriverVersion: 152.0.7977.82 (d04cdb24d67b..., userDataDir: C:\Users\LENOVO\AppData\Loc...}, fedcm:accounts: true, goog:chromeOptions: {debuggerAddress: localhost:51957}, goog:processID: 17800, networkConnectionEnabled: false, pageLoadStrategy: normal, platformName: windows, proxy: Proxy(), se:cdp: ws://localhost:51957/devtoo..., se:cdpVersion: 152.0.7977.82, setWindowRect: true, strictFileInteractability: false, timeouts: {implicit: 0, pageLoad: 300000, script: 30000}, unhandledPromptBehavior: dismiss and notify, webauthn:extension:credBlob: true, webauthn:extension:largeBlob: true, webauthn:extension:minPinLength: true, webauthn:extension:prf: true, webauthn:virtualAuthenticators: true}
Session ID: 71dbda2c26e420afa9a0d7fae6eb41e9">
      <![CDATA[org.openqa.selenium.TimeoutException: Expected condition failed: waiting for element found by By.xpath: //button[normalize-space()='No, Cancel'] to be clickable, but the element was not visible.
(tried for 10 seconds with 500 milliseconds interval)
Build info: version: '4.45.0', revision: 'cd6a3cd cd6a3cdfca6970f62e5bc8344109d0fe0e2af05e'
System info: os.name: 'Windows 11', os.arch: 'amd64', os.version: '10.0', java.version: '21.0.10'
Driver info: org.openqa.selenium.chrome.ChromeDriver
Capabilities {acceptInsecureCerts: false, browserName: chrome, browserVersion: 152.0.7977.82, chrome: {chromedriverVersion: 152.0.7977.82 (d04cdb24d67b..., userDataDir: C:\Users\LENOVO\AppData\Loc...}, fedcm:accounts: true, goog:chromeOptions: {debuggerAddress: localhost:51957}, goog:processID: 17800, networkConnectionEnabled: false, pageLoadStrategy: normal, platformName: windows, proxy: Proxy(), se:cdp: ws://localhost:51957/devtoo..., se:cdpVersion: 152.0.7977.82, setWindowRect: true, strictFileInteractability: false, timeouts: {implicit: 0, pageLoad: 300000, script: 30000}, unhandledPromptBehavior: dismiss and notify, webauthn:extension:credBlob: true, webauthn:extension:largeBlob: true, webauthn:extension:minPinLength: true, webauthn:extension:prf: true, webauthn:virtualAuthenticators: true}
Session ID: 71dbda2c26e420afa9a0d7fae6eb41e9
at org.openqa.selenium.support.ui.WebDriverWait.timeoutException(WebDriverWait.java:85)
at org.openqa.selenium.support.ui.FluentWait.until(FluentWait.java:234)
at pages.MaintenancePage.cancelPurgeAll(MaintenancePage.java:157)
at tests.MaintenanceTest.testCancelPurgeAll(MaintenanceTest.java:142)
at java.base/java.util.ArrayList.forEach(ArrayList.java:1596)
... Removed 25 stack frames]]>
    </failure>
  </testcase> <!-- testCancelPurgeAll -->
  <testcase classname="tests.MaintenanceTest" name="testExecutePurgeAll" time="11.179">
    <failure type="org.openqa.selenium.ElementClickInterceptedException" message="element click intercepted: Element &amp;lt;span class=&amp;quot;oxd-topbar-body-nav-tab-item&amp;quot;&amp;gt;...&amp;lt;/span&amp;gt; is not clickable at point (363, 91). Other element would receive the click: &amp;lt;div data-v-bcfca726=&amp;quot;&amp;quot; class=&amp;quot;oxd-dialog-container-default--inner&amp;quot;&amp;gt;...&amp;lt;/div&amp;gt;
  (Session info: chrome=152.0.7977.82)
Build info: version: &amp;apos;4.45.0&amp;apos;, revision: &amp;apos;cd6a3cd cd6a3cdfca6970f62e5bc8344109d0fe0e2af05e&amp;apos;
System info: os.name: &amp;apos;Windows 11&amp;apos;, os.arch: &amp;apos;amd64&amp;apos;, os.version: &amp;apos;10.0&amp;apos;, java.version: &amp;apos;21.0.10&amp;apos;
Driver info: org.openqa.selenium.chrome.ChromeDriver
Command: [71dbda2c26e420afa9a0d7fae6eb41e9, clickElement {id=f.0B74C93835C1B88EAA3D379288563BEC.d.A6DB8DE6CC165AB79619AB4F85CB4E35.e.740}]
Capabilities {acceptInsecureCerts: false, browserName: chrome, browserVersion: 152.0.7977.82, chrome: {chromedriverVersion: 152.0.7977.82 (d04cdb24d67b..., userDataDir: C:\Users\LENOVO\AppData\Loc...}, fedcm:accounts: true, goog:chromeOptions: {debuggerAddress: localhost:51957}, goog:processID: 17800, networkConnectionEnabled: false, pageLoadStrategy: normal, platformName: windows, proxy: Proxy(), se:cdp: ws://localhost:51957/devtoo..., se:cdpVersion: 152.0.7977.82, setWindowRect: true, strictFileInteractability: false, timeouts: {implicit: 0, pageLoad: 300000, script: 30000}, unhandledPromptBehavior: dismiss and notify, webauthn:extension:credBlob: true, webauthn:extension:largeBlob: true, webauthn:extension:minPinLength: true, webauthn:extension:prf: true, webauthn:virtualAuthenticators: true}
Element: [[ChromeDriver: chrome on windows (71dbda2c26e420afa9a0d7fae6eb41e9)] -&amp;gt; xpath: //span[normalize-space()=&amp;apos;Purge Records&amp;apos;]]
Session ID: 71dbda2c26e420afa9a0d7fae6eb41e9">
      <![CDATA[org.openqa.selenium.ElementClickInterceptedException: element click intercepted: Element <span class="oxd-topbar-body-nav-tab-item">...</span> is not clickable at point (363, 91). Other element would receive the click: <div data-v-bcfca726="" class="oxd-dialog-container-default--inner">...</div>
  (Session info: chrome=152.0.7977.82)
Build info: version: '4.45.0', revision: 'cd6a3cd cd6a3cdfca6970f62e5bc8344109d0fe0e2af05e'
System info: os.name: 'Windows 11', os.arch: 'amd64', os.version: '10.0', java.version: '21.0.10'
Driver info: org.openqa.selenium.chrome.ChromeDriver
Command: [71dbda2c26e420afa9a0d7fae6eb41e9, clickElement {id=f.0B74C93835C1B88EAA3D379288563BEC.d.A6DB8DE6CC165AB79619AB4F85CB4E35.e.740}]
Capabilities {acceptInsecureCerts: false, browserName: chrome, browserVersion: 152.0.7977.82, chrome: {chromedriverVersion: 152.0.7977.82 (d04cdb24d67b..., userDataDir: C:\Users\LENOVO\AppData\Loc...}, fedcm:accounts: true, goog:chromeOptions: {debuggerAddress: localhost:51957}, goog:processID: 17800, networkConnectionEnabled: false, pageLoadStrategy: normal, platformName: windows, proxy: Proxy(), se:cdp: ws://localhost:51957/devtoo..., se:cdpVersion: 152.0.7977.82, setWindowRect: true, strictFileInteractability: false, timeouts: {implicit: 0, pageLoad: 300000, script: 30000}, unhandledPromptBehavior: dismiss and notify, webauthn:extension:credBlob: true, webauthn:extension:largeBlob: true, webauthn:extension:minPinLength: true, webauthn:extension:prf: true, webauthn:virtualAuthenticators: true}
Element: [[ChromeDriver: chrome on windows (71dbda2c26e420afa9a0d7fae6eb41e9)] -> xpath: //span[normalize-space()='Purge Records']]
Session ID: 71dbda2c26e420afa9a0d7fae6eb41e9
at org.openqa.selenium.remote.ErrorCodec.decode(ErrorCodec.java:169)
at org.openqa.selenium.remote.codec.w3c.W3CHttpResponseCodec.decode(W3CHttpResponseCodec.java:143)
at org.openqa.selenium.remote.codec.w3c.W3CHttpResponseCodec.decode(W3CHttpResponseCodec.java:50)
at org.openqa.selenium.remote.HttpCommandExecutor.execute(HttpCommandExecutor.java:196)
at org.openqa.selenium.remote.service.DriverCommandExecutor.invokeExecute(DriverCommandExecutor.java:217)
at org.openqa.selenium.remote.service.DriverCommandExecutor.execute(DriverCommandExecutor.java:175)
at org.openqa.selenium.remote.RemoteWebDriver.execute(RemoteWebDriver.java:575)
at org.openqa.selenium.remote.RemoteWebElement.execute(RemoteWebElement.java:225)
at org.openqa.selenium.remote.RemoteWebElement.click(RemoteWebElement.java:79)
at pages.MaintenancePage.navigateToPurgeCandidateRecords(MaintenancePage.java:74)
at tests.MaintenanceTest.testExecutePurgeAll(MaintenanceTest.java:152)
at java.base/java.util.ArrayList.forEach(ArrayList.java:1596)
... Removed 25 stack frames]]>
    </failure>
  </testcase> <!-- testExecutePurgeAll -->
  <testcase classname="tests.MaintenanceTest" name="testPurgeAllButtonStateWhenNoRecordsFound" time="11.224">
    <failure type="org.openqa.selenium.ElementClickInterceptedException" message="element click intercepted: Element &amp;lt;span class=&amp;quot;oxd-topbar-body-nav-tab-item&amp;quot;&amp;gt;...&amp;lt;/span&amp;gt; is not clickable at point (363, 91). Other element would receive the click: &amp;lt;div data-v-bcfca726=&amp;quot;&amp;quot; class=&amp;quot;oxd-dialog-container-default--inner&amp;quot;&amp;gt;...&amp;lt;/div&amp;gt;
  (Session info: chrome=152.0.7977.82)
Build info: version: &amp;apos;4.45.0&amp;apos;, revision: &amp;apos;cd6a3cd cd6a3cdfca6970f62e5bc8344109d0fe0e2af05e&amp;apos;
System info: os.name: &amp;apos;Windows 11&amp;apos;, os.arch: &amp;apos;amd64&amp;apos;, os.version: &amp;apos;10.0&amp;apos;, java.version: &amp;apos;21.0.10&amp;apos;
Driver info: org.openqa.selenium.chrome.ChromeDriver
Command: [71dbda2c26e420afa9a0d7fae6eb41e9, clickElement {id=f.0B74C93835C1B88EAA3D379288563BEC.d.A6DB8DE6CC165AB79619AB4F85CB4E35.e.740}]
Capabilities {acceptInsecureCerts: false, browserName: chrome, browserVersion: 152.0.7977.82, chrome: {chromedriverVersion: 152.0.7977.82 (d04cdb24d67b..., userDataDir: C:\Users\LENOVO\AppData\Loc...}, fedcm:accounts: true, goog:chromeOptions: {debuggerAddress: localhost:51957}, goog:processID: 17800, networkConnectionEnabled: false, pageLoadStrategy: normal, platformName: windows, proxy: Proxy(), se:cdp: ws://localhost:51957/devtoo..., se:cdpVersion: 152.0.7977.82, setWindowRect: true, strictFileInteractability: false, timeouts: {implicit: 0, pageLoad: 300000, script: 30000}, unhandledPromptBehavior: dismiss and notify, webauthn:extension:credBlob: true, webauthn:extension:largeBlob: true, webauthn:extension:minPinLength: true, webauthn:extension:prf: true, webauthn:virtualAuthenticators: true}
Element: [[ChromeDriver: chrome on windows (71dbda2c26e420afa9a0d7fae6eb41e9)] -&amp;gt; xpath: //span[normalize-space()=&amp;apos;Purge Records&amp;apos;]]
Session ID: 71dbda2c26e420afa9a0d7fae6eb41e9">
      <![CDATA[org.openqa.selenium.ElementClickInterceptedException: element click intercepted: Element <span class="oxd-topbar-body-nav-tab-item">...</span> is not clickable at point (363, 91). Other element would receive the click: <div data-v-bcfca726="" class="oxd-dialog-container-default--inner">...</div>
  (Session info: chrome=152.0.7977.82)
Build info: version: '4.45.0', revision: 'cd6a3cd cd6a3cdfca6970f62e5bc8344109d0fe0e2af05e'
System info: os.name: 'Windows 11', os.arch: 'amd64', os.version: '10.0', java.version: '21.0.10'
Driver info: org.openqa.selenium.chrome.ChromeDriver
Command: [71dbda2c26e420afa9a0d7fae6eb41e9, clickElement {id=f.0B74C93835C1B88EAA3D379288563BEC.d.A6DB8DE6CC165AB79619AB4F85CB4E35.e.740}]
Capabilities {acceptInsecureCerts: false, browserName: chrome, browserVersion: 152.0.7977.82, chrome: {chromedriverVersion: 152.0.7977.82 (d04cdb24d67b..., userDataDir: C:\Users\LENOVO\AppData\Loc...}, fedcm:accounts: true, goog:chromeOptions: {debuggerAddress: localhost:51957}, goog:processID: 17800, networkConnectionEnabled: false, pageLoadStrategy: normal, platformName: windows, proxy: Proxy(), se:cdp: ws://localhost:51957/devtoo..., se:cdpVersion: 152.0.7977.82, setWindowRect: true, strictFileInteractability: false, timeouts: {implicit: 0, pageLoad: 300000, script: 30000}, unhandledPromptBehavior: dismiss and notify, webauthn:extension:credBlob: true, webauthn:extension:largeBlob: true, webauthn:extension:minPinLength: true, webauthn:extension:prf: true, webauthn:virtualAuthenticators: true}
Element: [[ChromeDriver: chrome on windows (71dbda2c26e420afa9a0d7fae6eb41e9)] -> xpath: //span[normalize-space()='Purge Records']]
Session ID: 71dbda2c26e420afa9a0d7fae6eb41e9
at org.openqa.selenium.remote.ErrorCodec.decode(ErrorCodec.java:169)
at org.openqa.selenium.remote.codec.w3c.W3CHttpResponseCodec.decode(W3CHttpResponseCodec.java:143)
at org.openqa.selenium.remote.codec.w3c.W3CHttpResponseCodec.decode(W3CHttpResponseCodec.java:50)
at org.openqa.selenium.remote.HttpCommandExecutor.execute(HttpCommandExecutor.java:196)
at org.openqa.selenium.remote.service.DriverCommandExecutor.invokeExecute(DriverCommandExecutor.java:217)
at org.openqa.selenium.remote.service.DriverCommandExecutor.execute(DriverCommandExecutor.java:175)
at org.openqa.selenium.remote.RemoteWebDriver.execute(RemoteWebDriver.java:575)
at org.openqa.selenium.remote.RemoteWebElement.execute(RemoteWebElement.java:225)
at org.openqa.selenium.remote.RemoteWebElement.click(RemoteWebElement.java:79)
at pages.MaintenancePage.navigateToPurgeCandidateRecords(MaintenancePage.java:74)
at tests.MaintenanceTest.testPurgeAllButtonStateWhenNoRecordsFound(MaintenanceTest.java:166)
at java.base/java.util.ArrayList.forEach(ArrayList.java:1596)
... Removed 25 stack frames]]>
    </failure>
  </testcase> <!-- testPurgeAllButtonStateWhenNoRecordsFound -->
  <testcase classname="tests.MaintenanceTest" name="testNavigateToAccessRecords" time="11.168">
    <failure type="org.openqa.selenium.ElementClickInterceptedException" message="element click intercepted: Element &amp;lt;a class=&amp;quot;oxd-topbar-body-nav-tab-item&amp;quot; href=&amp;quot;#&amp;quot;&amp;gt;...&amp;lt;/a&amp;gt; is not clickable at point (492, 91). Other element would receive the click: &amp;lt;div data-v-bcfca726=&amp;quot;&amp;quot; class=&amp;quot;oxd-dialog-container-default--inner&amp;quot;&amp;gt;...&amp;lt;/div&amp;gt;
  (Session info: chrome=152.0.7977.82)
Build info: version: &amp;apos;4.45.0&amp;apos;, revision: &amp;apos;cd6a3cd cd6a3cdfca6970f62e5bc8344109d0fe0e2af05e&amp;apos;
System info: os.name: &amp;apos;Windows 11&amp;apos;, os.arch: &amp;apos;amd64&amp;apos;, os.version: &amp;apos;10.0&amp;apos;, java.version: &amp;apos;21.0.10&amp;apos;
Driver info: org.openqa.selenium.chrome.ChromeDriver
Command: [71dbda2c26e420afa9a0d7fae6eb41e9, clickElement {id=f.0B74C93835C1B88EAA3D379288563BEC.d.A6DB8DE6CC165AB79619AB4F85CB4E35.e.709}]
Capabilities {acceptInsecureCerts: false, browserName: chrome, browserVersion: 152.0.7977.82, chrome: {chromedriverVersion: 152.0.7977.82 (d04cdb24d67b..., userDataDir: C:\Users\LENOVO\AppData\Loc...}, fedcm:accounts: true, goog:chromeOptions: {debuggerAddress: localhost:51957}, goog:processID: 17800, networkConnectionEnabled: false, pageLoadStrategy: normal, platformName: windows, proxy: Proxy(), se:cdp: ws://localhost:51957/devtoo..., se:cdpVersion: 152.0.7977.82, setWindowRect: true, strictFileInteractability: false, timeouts: {implicit: 0, pageLoad: 300000, script: 30000}, unhandledPromptBehavior: dismiss and notify, webauthn:extension:credBlob: true, webauthn:extension:largeBlob: true, webauthn:extension:minPinLength: true, webauthn:extension:prf: true, webauthn:virtualAuthenticators: true}
Element: [[ChromeDriver: chrome on windows (71dbda2c26e420afa9a0d7fae6eb41e9)] -&amp;gt; xpath: //a[normalize-space()=&amp;apos;Access Records&amp;apos;]]
Session ID: 71dbda2c26e420afa9a0d7fae6eb41e9">
      <![CDATA[org.openqa.selenium.ElementClickInterceptedException: element click intercepted: Element <a class="oxd-topbar-body-nav-tab-item" href="#">...</a> is not clickable at point (492, 91). Other element would receive the click: <div data-v-bcfca726="" class="oxd-dialog-container-default--inner">...</div>
  (Session info: chrome=152.0.7977.82)
Build info: version: '4.45.0', revision: 'cd6a3cd cd6a3cdfca6970f62e5bc8344109d0fe0e2af05e'
System info: os.name: 'Windows 11', os.arch: 'amd64', os.version: '10.0', java.version: '21.0.10'
Driver info: org.openqa.selenium.chrome.ChromeDriver
Command: [71dbda2c26e420afa9a0d7fae6eb41e9, clickElement {id=f.0B74C93835C1B88EAA3D379288563BEC.d.A6DB8DE6CC165AB79619AB4F85CB4E35.e.709}]
Capabilities {acceptInsecureCerts: false, browserName: chrome, browserVersion: 152.0.7977.82, chrome: {chromedriverVersion: 152.0.7977.82 (d04cdb24d67b..., userDataDir: C:\Users\LENOVO\AppData\Loc...}, fedcm:accounts: true, goog:chromeOptions: {debuggerAddress: localhost:51957}, goog:processID: 17800, networkConnectionEnabled: false, pageLoadStrategy: normal, platformName: windows, proxy: Proxy(), se:cdp: ws://localhost:51957/devtoo..., se:cdpVersion: 152.0.7977.82, setWindowRect: true, strictFileInteractability: false, timeouts: {implicit: 0, pageLoad: 300000, script: 30000}, unhandledPromptBehavior: dismiss and notify, webauthn:extension:credBlob: true, webauthn:extension:largeBlob: true, webauthn:extension:minPinLength: true, webauthn:extension:prf: true, webauthn:virtualAuthenticators: true}
Element: [[ChromeDriver: chrome on windows (71dbda2c26e420afa9a0d7fae6eb41e9)] -> xpath: //a[normalize-space()='Access Records']]
Session ID: 71dbda2c26e420afa9a0d7fae6eb41e9
at org.openqa.selenium.remote.ErrorCodec.decode(ErrorCodec.java:169)
at org.openqa.selenium.remote.codec.w3c.W3CHttpResponseCodec.decode(W3CHttpResponseCodec.java:143)
at org.openqa.selenium.remote.codec.w3c.W3CHttpResponseCodec.decode(W3CHttpResponseCodec.java:50)
at org.openqa.selenium.remote.HttpCommandExecutor.execute(HttpCommandExecutor.java:196)
at org.openqa.selenium.remote.service.DriverCommandExecutor.invokeExecute(DriverCommandExecutor.java:217)
at org.openqa.selenium.remote.service.DriverCommandExecutor.execute(DriverCommandExecutor.java:175)
at org.openqa.selenium.remote.RemoteWebDriver.execute(RemoteWebDriver.java:575)
at org.openqa.selenium.remote.RemoteWebElement.execute(RemoteWebElement.java:225)
at org.openqa.selenium.remote.RemoteWebElement.click(RemoteWebElement.java:79)
at pages.MaintenancePage.navigateToAccessRecords(MaintenancePage.java:80)
at tests.MaintenanceTest.testNavigateToAccessRecords(MaintenanceTest.java:195)
at java.base/java.util.ArrayList.forEach(ArrayList.java:1596)
... Removed 25 stack frames]]>
    </failure>
  </testcase> <!-- testNavigateToAccessRecords -->
  <testcase classname="tests.MaintenanceTest" name="testSearchEmployeeForPersonalData" time="11.154">
    <failure type="org.openqa.selenium.ElementClickInterceptedException" message="element click intercepted: Element &amp;lt;a class=&amp;quot;oxd-topbar-body-nav-tab-item&amp;quot; href=&amp;quot;#&amp;quot;&amp;gt;...&amp;lt;/a&amp;gt; is not clickable at point (492, 91). Other element would receive the click: &amp;lt;div data-v-bcfca726=&amp;quot;&amp;quot; class=&amp;quot;oxd-dialog-container-default--inner&amp;quot;&amp;gt;...&amp;lt;/div&amp;gt;
  (Session info: chrome=152.0.7977.82)
Build info: version: &amp;apos;4.45.0&amp;apos;, revision: &amp;apos;cd6a3cd cd6a3cdfca6970f62e5bc8344109d0fe0e2af05e&amp;apos;
System info: os.name: &amp;apos;Windows 11&amp;apos;, os.arch: &amp;apos;amd64&amp;apos;, os.version: &amp;apos;10.0&amp;apos;, java.version: &amp;apos;21.0.10&amp;apos;
Driver info: org.openqa.selenium.chrome.ChromeDriver
Command: [71dbda2c26e420afa9a0d7fae6eb41e9, clickElement {id=f.0B74C93835C1B88EAA3D379288563BEC.d.A6DB8DE6CC165AB79619AB4F85CB4E35.e.709}]
Capabilities {acceptInsecureCerts: false, browserName: chrome, browserVersion: 152.0.7977.82, chrome: {chromedriverVersion: 152.0.7977.82 (d04cdb24d67b..., userDataDir: C:\Users\LENOVO\AppData\Loc...}, fedcm:accounts: true, goog:chromeOptions: {debuggerAddress: localhost:51957}, goog:processID: 17800, networkConnectionEnabled: false, pageLoadStrategy: normal, platformName: windows, proxy: Proxy(), se:cdp: ws://localhost:51957/devtoo..., se:cdpVersion: 152.0.7977.82, setWindowRect: true, strictFileInteractability: false, timeouts: {implicit: 0, pageLoad: 300000, script: 30000}, unhandledPromptBehavior: dismiss and notify, webauthn:extension:credBlob: true, webauthn:extension:largeBlob: true, webauthn:extension:minPinLength: true, webauthn:extension:prf: true, webauthn:virtualAuthenticators: true}
Element: [[ChromeDriver: chrome on windows (71dbda2c26e420afa9a0d7fae6eb41e9)] -&amp;gt; xpath: //a[normalize-space()=&amp;apos;Access Records&amp;apos;]]
Session ID: 71dbda2c26e420afa9a0d7fae6eb41e9">
      <![CDATA[org.openqa.selenium.ElementClickInterceptedException: element click intercepted: Element <a class="oxd-topbar-body-nav-tab-item" href="#">...</a> is not clickable at point (492, 91). Other element would receive the click: <div data-v-bcfca726="" class="oxd-dialog-container-default--inner">...</div>
  (Session info: chrome=152.0.7977.82)
Build info: version: '4.45.0', revision: 'cd6a3cd cd6a3cdfca6970f62e5bc8344109d0fe0e2af05e'
System info: os.name: 'Windows 11', os.arch: 'amd64', os.version: '10.0', java.version: '21.0.10'
Driver info: org.openqa.selenium.chrome.ChromeDriver
Command: [71dbda2c26e420afa9a0d7fae6eb41e9, clickElement {id=f.0B74C93835C1B88EAA3D379288563BEC.d.A6DB8DE6CC165AB79619AB4F85CB4E35.e.709}]
Capabilities {acceptInsecureCerts: false, browserName: chrome, browserVersion: 152.0.7977.82, chrome: {chromedriverVersion: 152.0.7977.82 (d04cdb24d67b..., userDataDir: C:\Users\LENOVO\AppData\Loc...}, fedcm:accounts: true, goog:chromeOptions: {debuggerAddress: localhost:51957}, goog:processID: 17800, networkConnectionEnabled: false, pageLoadStrategy: normal, platformName: windows, proxy: Proxy(), se:cdp: ws://localhost:51957/devtoo..., se:cdpVersion: 152.0.7977.82, setWindowRect: true, strictFileInteractability: false, timeouts: {implicit: 0, pageLoad: 300000, script: 30000}, unhandledPromptBehavior: dismiss and notify, webauthn:extension:credBlob: true, webauthn:extension:largeBlob: true, webauthn:extension:minPinLength: true, webauthn:extension:prf: true, webauthn:virtualAuthenticators: true}
Element: [[ChromeDriver: chrome on windows (71dbda2c26e420afa9a0d7fae6eb41e9)] -> xpath: //a[normalize-space()='Access Records']]
Session ID: 71dbda2c26e420afa9a0d7fae6eb41e9
at org.openqa.selenium.remote.ErrorCodec.decode(ErrorCodec.java:169)
at org.openqa.selenium.remote.codec.w3c.W3CHttpResponseCodec.decode(W3CHttpResponseCodec.java:143)
at org.openqa.selenium.remote.codec.w3c.W3CHttpResponseCodec.decode(W3CHttpResponseCodec.java:50)
at org.openqa.selenium.remote.HttpCommandExecutor.execute(HttpCommandExecutor.java:196)
at org.openqa.selenium.remote.service.DriverCommandExecutor.invokeExecute(DriverCommandExecutor.java:217)
at org.openqa.selenium.remote.service.DriverCommandExecutor.execute(DriverCommandExecutor.java:175)
at org.openqa.selenium.remote.RemoteWebDriver.execute(RemoteWebDriver.java:575)
at org.openqa.selenium.remote.RemoteWebElement.execute(RemoteWebElement.java:225)
at org.openqa.selenium.remote.RemoteWebElement.click(RemoteWebElement.java:79)
at pages.MaintenancePage.navigateToAccessRecords(MaintenancePage.java:80)
at tests.MaintenanceTest.testSearchEmployeeForPersonalData(MaintenanceTest.java:205)
at java.base/java.util.ArrayList.forEach(ArrayList.java:1596)
... Removed 25 stack frames]]>
    </failure>
  </testcase> <!-- testSearchEmployeeForPersonalData -->
  <testcase classname="tests.MaintenanceTest" name="testDownloadPersonalData" time="11.156">
    <failure type="org.openqa.selenium.ElementClickInterceptedException" message="element click intercepted: Element &amp;lt;a class=&amp;quot;oxd-topbar-body-nav-tab-item&amp;quot; href=&amp;quot;#&amp;quot;&amp;gt;...&amp;lt;/a&amp;gt; is not clickable at point (492, 91). Other element would receive the click: &amp;lt;div data-v-bcfca726=&amp;quot;&amp;quot; class=&amp;quot;oxd-dialog-container-default--inner&amp;quot;&amp;gt;...&amp;lt;/div&amp;gt;
  (Session info: chrome=152.0.7977.82)
Build info: version: &amp;apos;4.45.0&amp;apos;, revision: &amp;apos;cd6a3cd cd6a3cdfca6970f62e5bc8344109d0fe0e2af05e&amp;apos;
System info: os.name: &amp;apos;Windows 11&amp;apos;, os.arch: &amp;apos;amd64&amp;apos;, os.version: &amp;apos;10.0&amp;apos;, java.version: &amp;apos;21.0.10&amp;apos;
Driver info: org.openqa.selenium.chrome.ChromeDriver
Command: [71dbda2c26e420afa9a0d7fae6eb41e9, clickElement {id=f.0B74C93835C1B88EAA3D379288563BEC.d.A6DB8DE6CC165AB79619AB4F85CB4E35.e.709}]
Capabilities {acceptInsecureCerts: false, browserName: chrome, browserVersion: 152.0.7977.82, chrome: {chromedriverVersion: 152.0.7977.82 (d04cdb24d67b..., userDataDir: C:\Users\LENOVO\AppData\Loc...}, fedcm:accounts: true, goog:chromeOptions: {debuggerAddress: localhost:51957}, goog:processID: 17800, networkConnectionEnabled: false, pageLoadStrategy: normal, platformName: windows, proxy: Proxy(), se:cdp: ws://localhost:51957/devtoo..., se:cdpVersion: 152.0.7977.82, setWindowRect: true, strictFileInteractability: false, timeouts: {implicit: 0, pageLoad: 300000, script: 30000}, unhandledPromptBehavior: dismiss and notify, webauthn:extension:credBlob: true, webauthn:extension:largeBlob: true, webauthn:extension:minPinLength: true, webauthn:extension:prf: true, webauthn:virtualAuthenticators: true}
Element: [[ChromeDriver: chrome on windows (71dbda2c26e420afa9a0d7fae6eb41e9)] -&amp;gt; xpath: //a[normalize-space()=&amp;apos;Access Records&amp;apos;]]
Session ID: 71dbda2c26e420afa9a0d7fae6eb41e9">
      <![CDATA[org.openqa.selenium.ElementClickInterceptedException: element click intercepted: Element <a class="oxd-topbar-body-nav-tab-item" href="#">...</a> is not clickable at point (492, 91). Other element would receive the click: <div data-v-bcfca726="" class="oxd-dialog-container-default--inner">...</div>
  (Session info: chrome=152.0.7977.82)
Build info: version: '4.45.0', revision: 'cd6a3cd cd6a3cdfca6970f62e5bc8344109d0fe0e2af05e'
System info: os.name: 'Windows 11', os.arch: 'amd64', os.version: '10.0', java.version: '21.0.10'
Driver info: org.openqa.selenium.chrome.ChromeDriver
Command: [71dbda2c26e420afa9a0d7fae6eb41e9, clickElement {id=f.0B74C93835C1B88EAA3D379288563BEC.d.A6DB8DE6CC165AB79619AB4F85CB4E35.e.709}]
Capabilities {acceptInsecureCerts: false, browserName: chrome, browserVersion: 152.0.7977.82, chrome: {chromedriverVersion: 152.0.7977.82 (d04cdb24d67b..., userDataDir: C:\Users\LENOVO\AppData\Loc...}, fedcm:accounts: true, goog:chromeOptions: {debuggerAddress: localhost:51957}, goog:processID: 17800, networkConnectionEnabled: false, pageLoadStrategy: normal, platformName: windows, proxy: Proxy(), se:cdp: ws://localhost:51957/devtoo..., se:cdpVersion: 152.0.7977.82, setWindowRect: true, strictFileInteractability: false, timeouts: {implicit: 0, pageLoad: 300000, script: 30000}, unhandledPromptBehavior: dismiss and notify, webauthn:extension:credBlob: true, webauthn:extension:largeBlob: true, webauthn:extension:minPinLength: true, webauthn:extension:prf: true, webauthn:virtualAuthenticators: true}
Element: [[ChromeDriver: chrome on windows (71dbda2c26e420afa9a0d7fae6eb41e9)] -> xpath: //a[normalize-space()='Access Records']]
Session ID: 71dbda2c26e420afa9a0d7fae6eb41e9
at org.openqa.selenium.remote.ErrorCodec.decode(ErrorCodec.java:169)
at org.openqa.selenium.remote.codec.w3c.W3CHttpResponseCodec.decode(W3CHttpResponseCodec.java:143)
at org.openqa.selenium.remote.codec.w3c.W3CHttpResponseCodec.decode(W3CHttpResponseCodec.java:50)
at org.openqa.selenium.remote.HttpCommandExecutor.execute(HttpCommandExecutor.java:196)
at org.openqa.selenium.remote.service.DriverCommandExecutor.invokeExecute(DriverCommandExecutor.java:217)
at org.openqa.selenium.remote.service.DriverCommandExecutor.execute(DriverCommandExecutor.java:175)
at org.openqa.selenium.remote.RemoteWebDriver.execute(RemoteWebDriver.java:575)
at org.openqa.selenium.remote.RemoteWebElement.execute(RemoteWebElement.java:225)
at org.openqa.selenium.remote.RemoteWebElement.click(RemoteWebElement.java:79)
at pages.MaintenancePage.navigateToAccessRecords(MaintenancePage.java:80)
at tests.MaintenanceTest.testDownloadPersonalData(MaintenanceTest.java:229)
at java.base/java.util.ArrayList.forEach(ArrayList.java:1596)
... Removed 25 stack frames]]>
    </failure>
  </testcase> <!-- testDownloadPersonalData -->
</testsuite> <!-- OrangeHRM Full Regression -->
