<?xml version="1.0" encoding="UTF-8"?>
<!-- Generated by org.testng.reporters.JUnitXMLReporter -->
<testsuite ignored="0" hostname="DESKTOP-5TF3B1C" failures="0" tests="11" name="Recruitment Candidates Module Tests" time="378.282" errors="0" timestamp="2026-09-12T19:41:01 IST">
  <testcase classname="tests.RecruitmentCandidatesTest" name="testNavigationToCandidates" time="0.006"/>
  <testcase classname="tests.RecruitmentCandidatesTest" name="testSearchCandidates" time="20.754"/>
  <testcase classname="tests.RecruitmentCandidatesTest" name="testResetFilters" time="10.91"/>
  <testcase classname="tests.RecruitmentCandidatesTest" name="testNavigateToAddCandidate" time="10.639"/>
  <testcase classname="tests.RecruitmentCandidatesTest" name="testViewCandidateDetails" time="33.182"/>
  <testcase classname="tests.RecruitmentCandidatesTest" name="testCancelCandidateDeletion" time="31.694"/>
  <testcase classname="tests.RecruitmentCandidatesTest" name="testDeleteCandidate" time="22.708"/>
  <testcase classname="tests.RecruitmentCandidatesTest" name="testDownloadCandidateResume" time="32.263"/>
  <testcase classname="tests.RecruitmentCandidatesTest" name="testMandatoryFieldsValidation" time="10.891"/>
  <testcase classname="tests.RecruitmentCandidatesTest" name="testAddCandidateSuccess" time="22.461"/>
  <testcase classname="tests.RecruitmentCandidatesTest" name="testInvalidEmailValidation" time="21.609"/>
</testsuite> <!-- Recruitment Candidates Module Tests -->
