<?xml version="1.0" encoding="UTF-8"?>
<!-- Generated by org.testng.reporters.JUnitXMLReporter -->
<testsuite ignored="0" hostname="DESKTOP-5TF3B1C" failures="0" tests="7" name="Report Module Tests" time="80.672" errors="0" timestamp="2026-09-12T19:27:16 IST">
  <testcase classname="tests.ReportTest" name="testAddReportValidation" time="2.074"/>
  <testcase classname="tests.ReportTest" name="testCreateReportSuccessfully" time="2.746"/>
  <testcase classname="tests.ReportTest" name="testCancelAddReport" time="2.234"/>
  <testcase classname="tests.ReportTest" name="testRunReport" time="1.726"/>
  <testcase classname="tests.ReportTest" name="testEditReportNavigation" time="1.401"/>
  <testcase classname="tests.ReportTest" name="testResetReportSearch" time="2.381"/>
  <testcase classname="tests.ReportTest" name="testDeleteReport" time="2.445"/>
</testsuite> <!-- Report Module Tests -->
