<?xml version="1.0" encoding="UTF-8"?>
<!-- Generated by org.testng.reporters.JUnitXMLReporter -->
<testsuite ignored="0" hostname="DESKTOP-5TF3B1C" failures="0" tests="11" name="Vacancy Module Tests" time="180.415" errors="0" timestamp="2026-09-12T19:44:01 IST">
  <testcase classname="tests.VacancyTest" name="testNavigateToVacancies" time="0.011"/>
  <testcase classname="tests.VacancyTest" name="testRecordsFoundMatchesTableRows" time="1.153"/>
  <testcase classname="tests.VacancyTest" name="testSearchByJobTitle" time="11.276"/>
  <testcase classname="tests.VacancyTest" name="testSearchByStatus" time="11.486"/>
  <testcase classname="tests.VacancyTest" name="testResetButtonClearsFilters" time="11.542"/>
  <testcase classname="tests.VacancyTest" name="testNavigateToAddVacancyPage" time="1.244"/>
  <testcase classname="tests.VacancyTest" name="testMandatoryFieldsValidationOnAddVacancy" time="11.65"/>
  <testcase classname="tests.VacancyTest" name="testAddNewVacancySuccessfully" time="28.885"/>
  <testcase classname="tests.VacancyTest" name="testCancelAddVacancy" time="2.642"/>
  <testcase classname="tests.VacancyTest" name="testEditVacancyNavigation" time="12.977"/>
  <testcase classname="tests.VacancyTest" name="testBulkSelectAllCheckboxes" time="1.056"/>
</testsuite> <!-- Vacancy Module Tests -->
