<?xml version="1.0" encoding="UTF-8"?>
<!-- Generated by org.testng.reporters.JUnitReportReporter -->
<testsuite hostname="DESKTOP-5TF3B1C" failures="1" tests="8" name="tests.ReportTest" time="59.852" errors="0" timestamp="2026-09-13T18:44:14 IST" skipped="0">
  <testcase classname="tests.ReportTest" name="testAddReportValidation" time="3.634"/>
  <testcase classname="tests.ReportTest" name="testCreateReportSuccessfully" time="5.081"/>
  <testcase classname="tests.ReportTest" name="testCancelAddReport" time="6.804"/>
  <testcase classname="tests.ReportTest" name="testRunReport" time="3.664"/>
  <testcase classname="tests.ReportTest" name="testEditReportNavigation" time="5.291"/>
  <testcase classname="tests.ReportTest" name="testResetReportSearch" time="4.090"/>
  <testcase classname="tests.ReportTest" name="testDeleteReport" time="4.947"/>
  <testcase classname="tests.ReportTest" name="verifyReportSearchAutocompletion" time="26.341">
    <failure message="Search operation failed: Typing complete report name and clicking search directly showed invalid message or failed to filter records. expected [true] but found [false]" type="java.lang.AssertionError">
      <![CDATA[java.lang.AssertionError: Search operation failed: Typing complete report name and clicking search directly showed invalid message or failed to filter records. expected [true] but found [false]
at org.testng.Assert.fail(Assert.java:111)
at org.testng.Assert.failNotEquals(Assert.java:1590)
at org.testng.Assert.assertTrue(Assert.java:57)
at tests.ReportTest.verifyReportSearchAutocompletion(ReportTest.java:114)
at java.base/jdk.internal.reflect.DirectMethodHandleAccessor.invoke(DirectMethodHandleAccessor.java:103)
at java.base/java.lang.reflect.Method.invoke(Method.java:580)
at org.testng.internal.invokers.MethodInvocationHelper.invokeMethod(MethodInvocationHelper.java:141)
at org.testng.internal.invokers.TestInvoker.invokeMethod(TestInvoker.java:687)
at org.testng.internal.invokers.TestInvoker.invokeTestMethod(TestInvoker.java:230)
at org.testng.internal.invokers.MethodRunner.runInSequence(MethodRunner.java:63)
at org.testng.internal.invokers.TestInvoker$MethodInvocationAgent.invoke(TestInvoker.java:995)
at org.testng.internal.invokers.TestInvoker.invokeTestMethods(TestInvoker.java:203)
at org.testng.internal.invokers.TestMethodWorker.invokeTestMethods(TestMethodWorker.java:154)
at org.testng.internal.invokers.TestMethodWorker.run(TestMethodWorker.java:134)
at java.base/java.util.ArrayList.forEach(ArrayList.java:1596)
at org.testng.TestRunner.privateRun(TestRunner.java:741)
at org.testng.TestRunner.run(TestRunner.java:616)
at org.testng.SuiteRunner.runTest(SuiteRunner.java:421)
at org.testng.SuiteRunner.runSequentially(SuiteRunner.java:413)
at org.testng.SuiteRunner.privateRun(SuiteRunner.java:373)
at org.testng.SuiteRunner.run(SuiteRunner.java:312)
at org.testng.SuiteRunnerWorker.runSuite(SuiteRunnerWorker.java:52)
at org.testng.SuiteRunnerWorker.run(SuiteRunnerWorker.java:95)
at org.testng.TestNG.runSuitesSequentially(TestNG.java:1274)
at org.testng.TestNG.runSuitesLocally(TestNG.java:1208)
at org.testng.TestNG.runSuites(TestNG.java:1112)
at org.testng.TestNG.run(TestNG.java:1079)
at org.testng.remote.AbstractRemoteTestNG.run(AbstractRemoteTestNG.java:115)
at org.testng.remote.RemoteTestNG.initAndRun(RemoteTestNG.java:293)
at org.testng.remote.RemoteTestNG.main(RemoteTestNG.java:91)
]]>
    </failure>
  </testcase> <!-- verifyReportSearchAutocompletion -->
</testsuite> <!-- tests.ReportTest -->
