<?xml version="1.0" encoding="UTF-8"?>
<!-- Generated by org.testng.reporters.JUnitReportReporter -->
<testsuite hostname="DESKTOP-5TF3B1C" failures="0" tests="8" name="tests.LeaveListTest" time="429.388" errors="0" timestamp="2026-09-13T18:44:14 IST" skipped="0">
  <testcase classname="tests.LeaveListTest" name="testDefaultSearch" time="34.199"/>
  <testcase classname="tests.LeaveListTest" name="testResetSearchFilters" time="66.551"/>
  <testcase classname="tests.LeaveListTest" name="testFilterBySubUnit" time="44.889"/>
  <testcase classname="tests.LeaveListTest" name="testToggleIncludePastEmployees" time="44.157"/>
  <testcase classname="tests.LeaveListTest" name="testAddCommentToLeave" time="54.284"/>
  <testcase classname="tests.LeaveListTest" name="testViewLeaveDetailsNavigation" time="65.906"/>
  <testcase classname="tests.LeaveListTest" name="testViewPimInfoNavigation" time="53.793"/>
  <testcase classname="tests.LeaveListTest" name="testCancelLeaveRecord" time="65.609"/>
</testsuite> <!-- tests.LeaveListTest -->
