<?xml version="1.0" encoding="UTF-8"?>
<!-- Generated by org.testng.reporters.JUnitReportReporter -->
<testsuite hostname="DESKTOP-5TF3B1C" failures="0" tests="6" name="tests.LoginTest" time="14.593" errors="0" timestamp="2026-09-13T18:44:14 IST" skipped="0">
  <testcase classname="tests.LoginTest" name="testForgotPasswordLink" time="1.802"/>
  <testcase classname="tests.LoginTest" name="testLogin" time="1.147"/>
  <testcase classname="tests.LoginTest" name="testLogin" time="2.332"/>
  <testcase classname="tests.LoginTest" name="testLogin" time="2.302"/>
  <testcase classname="tests.LoginTest" name="testLogin" time="5.372"/>
  <testcase classname="tests.LoginTest" name="testLogin" time="1.638"/>
</testsuite> <!-- tests.LoginTest -->
