<?xml version="1.0" encoding="UTF-8"?>
<!-- Generated by org.testng.reporters.JUnitReportReporter -->
<testsuite hostname="DESKTOP-5TF3B1C" failures="0" tests="11" name="tests.DashboardTest" time="7.816" errors="0" timestamp="2026-09-13T18:44:14 IST" skipped="0">
  <testcase classname="tests.DashboardTest" name="testClockInOut" time="2.790"/>
  <testcase classname="tests.DashboardTest" name="testDashboardHeaderIsDisplayed" time="0.017"/>
  <testcase classname="tests.DashboardTest" name="testDashboardWidgetsVisibility" time="0.066"/>
  <testcase classname="tests.DashboardTest" name="testUserProfileDisplay" time="0.084"/>
  <testcase classname="tests.DashboardTest" name="testClickSupport" time="0.552"/>
  <testcase classname="tests.DashboardTest" name="testClickChangePassword" time="0.572"/>
  <testcase classname="tests.DashboardTest" name="testHelpButtonRedirection" time="1.720"/>
  <testcase classname="tests.DashboardTest" name="testMyActionsNavigation" time="0.504"/>
  <testcase classname="tests.DashboardTest" name="testQuickLaunchNavigation" time="0.537"/>
  <testcase classname="tests.DashboardTest" name="testWidgetConfigurationSettings" time="0.164"/>
  <testcase classname="tests.DashboardTest" name="testClickLogout" time="0.810"/>
</testsuite> <!-- tests.DashboardTest -->
