<?xml version="1.0" encoding="UTF-8"?>
<!-- Generated by org.testng.reporters.JUnitReportReporter -->
<testsuite hostname="DESKTOP-5TF3B1C" failures="0" tests="15" name="tests.MaintenanceTest" time="322.786" errors="1" timestamp="2026-09-13T18:52:22 IST" skipped="0">
  <testcase classname="tests.MaintenanceTest" name="testAdminAccessPromptDisplayed" time="0.395"/>
  <testcase classname="tests.MaintenanceTest" name="testInvalidAdminPasswordAuthentication" time="1.350"/>
  <testcase classname="tests.MaintenanceTest" name="testValidAdminPasswordAuthentication" time="1.264"/>
  <testcase classname="tests.MaintenanceTest" name="testPurgeEmployeeMandatoryFieldValidation" time="10.190"/>
  <testcase classname="tests.MaintenanceTest" name="testSearchPastEmployeeForPurging" time="20.186"/>
  <testcase classname="tests.MaintenanceTest" name="testNavigateToPurgeCandidateRecords" time="11.360"/>
  <testcase classname="tests.MaintenanceTest" name="testPurgeCandidateMandatoryFieldValidation" time="21.362"/>
  <testcase classname="tests.MaintenanceTest" name="testPurgeAllButtonVisibilityAfterSearch" time="23.328"/>
  <testcase classname="tests.MaintenanceTest" name="testPurgeAllConfirmationModal" time="34.556"/>
  <testcase classname="tests.MaintenanceTest" name="testCancelPurgeAll" time="33.506"/>
  <testcase classname="tests.MaintenanceTest" name="testExecutePurgeAll" time="36.390"/>
  <testcase classname="tests.MaintenanceTest" name="testPurgeAllButtonStateWhenNoRecordsFound" time="35.910">
    <error message="Expected condition failed: waiting for visibility of element found by By.xpath: //span[text()=&#039;No Records Found&#039;] | //*[contains(text(),&#039;No Records Found&#039;)], but... org.openqa.selenium.NoSuchElementException: no such element: Unable to locate element: {&quot;method&quot;:&quot;xpath&quot;,&quot;selector&quot;:&quot;//span[text()=&#039;No Records Found&#039;] | //*[contains(text(),&#039;No Records Found&#039;)]&quot;}.
(tried for 10 seconds with 500 milliseconds interval)
Build info: version: &#039;4.45.0&#039;, revision: &#039;cd6a3cd cd6a3cdfca6970f62e5bc8344109d0fe0e2af05e&#039;
System info: os.name: &#039;Windows 11&#039;, os.arch: &#039;amd64&#039;, os.version: &#039;10.0&#039;, java.version: &#039;21.0.10&#039;
Driver info: org.openqa.selenium.chrome.ChromeDriver
Capabilities {acceptInsecureCerts: false, browserName: chrome, browserVersion: 152.0.7977.82, chrome: {chromedriverVersion: 152.0.7977.82 (d04cdb24d67b..., userDataDir: C:\Users\LENOVO\AppData\Loc...}, fedcm:accounts: true, goog:chromeOptions: {debuggerAddress: localhost:52280}, goog:processID: 12396, networkConnectionEnabled: false, pageLoadStrategy: normal, platformName: windows, proxy: Proxy(), se:cdp: ws://localhost:52280/devtoo..., se:cdpVersion: 152.0.7977.82, setWindowRect: true, strictFileInteractability: false, timeouts: {implicit: 0, pageLoad: 300000, script: 30000}, unhandledPromptBehavior: dismiss and notify, webauthn:extension:credBlob: true, webauthn:extension:largeBlob: true, webauthn:extension:minPinLength: true, webauthn:extension:prf: true, webauthn:virtualAuthenticators: true}
Session ID: d768b0cd0bdc0def42926302c5faf669" type="org.openqa.selenium.TimeoutException">
      <![CDATA[org.openqa.selenium.TimeoutException: Expected condition failed: waiting for visibility of element found by By.xpath: //span[text()='No Records Found'] | //*[contains(text(),'No Records Found')], but... org.openqa.selenium.NoSuchElementException: no such element: Unable to locate element: {"method":"xpath","selector":"//span[text()='No Records Found'] | //*[contains(text(),'No Records Found')]"}.
(tried for 10 seconds with 500 milliseconds interval)
Build info: version: '4.45.0', revision: 'cd6a3cd cd6a3cdfca6970f62e5bc8344109d0fe0e2af05e'
System info: os.name: 'Windows 11', os.arch: 'amd64', os.version: '10.0', java.version: '21.0.10'
Driver info: org.openqa.selenium.chrome.ChromeDriver
Capabilities {acceptInsecureCerts: false, browserName: chrome, browserVersion: 152.0.7977.82, chrome: {chromedriverVersion: 152.0.7977.82 (d04cdb24d67b..., userDataDir: C:\Users\LENOVO\AppData\Loc...}, fedcm:accounts: true, goog:chromeOptions: {debuggerAddress: localhost:52280}, goog:processID: 12396, networkConnectionEnabled: false, pageLoadStrategy: normal, platformName: windows, proxy: Proxy(), se:cdp: ws://localhost:52280/devtoo..., se:cdpVersion: 152.0.7977.82, setWindowRect: true, strictFileInteractability: false, timeouts: {implicit: 0, pageLoad: 300000, script: 30000}, unhandledPromptBehavior: dismiss and notify, webauthn:extension:credBlob: true, webauthn:extension:largeBlob: true, webauthn:extension:minPinLength: true, webauthn:extension:prf: true, webauthn:virtualAuthenticators: true}
Session ID: d768b0cd0bdc0def42926302c5faf669
at org.openqa.selenium.support.ui.WebDriverWait.timeoutException(WebDriverWait.java:85)
at org.openqa.selenium.support.ui.FluentWait.until(FluentWait.java:234)
at pages.MaintenancePage.isNoRecordsFoundDisplayed(MaintenancePage.java:220)
at tests.MaintenanceTest.testPurgeAllButtonStateWhenNoRecordsFound(MaintenanceTest.java:174)
at java.base/jdk.internal.reflect.DirectMethodHandleAccessor.invoke(DirectMethodHandleAccessor.java:103)
at java.base/java.lang.reflect.Method.invoke(Method.java:580)
at org.testng.internal.invokers.MethodInvocationHelper.invokeMethod(MethodInvocationHelper.java:141)
at org.testng.internal.invokers.TestInvoker.invokeMethod(TestInvoker.java:687)
at org.testng.internal.invokers.TestInvoker.invokeTestMethod(TestInvoker.java:230)
at org.testng.internal.invokers.MethodRunner.runInSequence(MethodRunner.java:63)
at org.testng.internal.invokers.TestInvoker$MethodInvocationAgent.invoke(TestInvoker.java:995)
at org.testng.internal.invokers.TestInvoker.invokeTestMethods(TestInvoker.java:203)
at org.testng.internal.invokers.TestMethodWorker.invokeTestMethods(TestMethodWorker.java:154)
at org.testng.internal.invokers.TestMethodWorker.run(TestMethodWorker.java:134)
at java.base/java.util.ArrayList.forEach(ArrayList.java:1596)
at org.testng.TestRunner.privateRun(TestRunner.java:741)
at org.testng.TestRunner.run(TestRunner.java:616)
at org.testng.SuiteRunner.runTest(SuiteRunner.java:421)
at org.testng.SuiteRunner.runSequentially(SuiteRunner.java:413)
at org.testng.SuiteRunner.privateRun(SuiteRunner.java:373)
at org.testng.SuiteRunner.run(SuiteRunner.java:312)
at org.testng.SuiteRunnerWorker.runSuite(SuiteRunnerWorker.java:52)
at org.testng.SuiteRunnerWorker.run(SuiteRunnerWorker.java:95)
at org.testng.TestNG.runSuitesSequentially(TestNG.java:1274)
at org.testng.TestNG.runSuitesLocally(TestNG.java:1208)
at org.testng.TestNG.runSuites(TestNG.java:1112)
at org.testng.TestNG.run(TestNG.java:1079)
at org.testng.remote.AbstractRemoteTestNG.run(AbstractRemoteTestNG.java:115)
at org.testng.remote.RemoteTestNG.initAndRun(RemoteTestNG.java:293)
at org.testng.remote.RemoteTestNG.main(RemoteTestNG.java:91)
]]>
    </error>
  </testcase> <!-- testPurgeAllButtonStateWhenNoRecordsFound -->
  <testcase classname="tests.MaintenanceTest" name="testNavigateToAccessRecords" time="10.808"/>
  <testcase classname="tests.MaintenanceTest" name="testSearchEmployeeForPersonalData" time="41.101"/>
  <testcase classname="tests.MaintenanceTest" name="testDownloadPersonalData" time="41.080"/>
</testsuite> <!-- tests.MaintenanceTest -->
